\BOOKMARK [1][-]{section*.5}{\376\377\000\040\000D\000A\000N\000H\000\040\000M\036\344\000C\000\040\000H\000\314\000N\000H\000\040\000V\036\274}{}% 1
\BOOKMARK [1][-]{section*.7}{\376\377\000\040\000D\000A\000N\000H\000\040\000M\036\344\000C\000\040\000B\036\242\000N\000G\000\040\000B\000I\036\302\000U}{}% 2
\BOOKMARK [1][-]{section*.9}{\376\377\000D\000A\000N\000H\000\040\000M\036\344\000C\000\040\000T\036\352\000\040\000V\000I\036\276\000T\000\040\000T\036\256\000T}{}% 3
\BOOKMARK [0][-]{chapter.1}{\376\377\000G\000I\036\332\000I\000\040\000T\000H\000I\036\306\000U\000\040\001\020\036\300\000\040\000T\000\300\000I}{}% 4
\BOOKMARK [1][-]{section.1.1}{\376\377\001\020\036\267\000t\000\040\000v\036\245\000n\000\040\001\021\036\301}{chapter.1}% 5
\BOOKMARK [1][-]{section.1.2}{\376\377\000M\036\345\000c\000\040\000t\000i\000\352\000u\000\040\000v\000\340\000\040\000p\000h\036\241\000m\000\040\000v\000i\000\040\001\021\036\301\000\040\000t\000\340\000i}{chapter.1}% 6
\BOOKMARK [1][-]{section.1.3}{\376\377\001\020\036\313\000n\000h\000\040\000h\001\260\036\333\000n\000g\000\040\000g\000i\036\243\000i\000\040\000p\000h\000\341\000p}{chapter.1}% 7
\BOOKMARK [1][-]{section.1.4}{\376\377\000B\036\321\000\040\000c\036\345\000c\000\040\001\021\036\323\000\040\000\341\000n}{chapter.1}% 8
\BOOKMARK [0][-]{chapter.2}{\376\377\000K\000H\036\242\000O\000\040\000S\000\301\000T\000\040\000V\000\300\000\040\000P\000H\000\302\000N\000\040\000T\000\315\000C\000H\000\040\000Y\000\312\000U\000\040\000C\036\246\000U}{}% 9
\BOOKMARK [1][-]{section.2.1}{\376\377\000K\000h\036\243\000o\000\040\000s\000\341\000t\000\040\000h\000i\036\307\000n\000\040\000t\000r\036\241\000n\000g}{chapter.2}% 10
\BOOKMARK [1][-]{section.2.2}{\376\377\000T\036\325\000n\000g\000\040\000q\000u\000a\000n\000\040\000c\000h\036\351\000c\000\040\000n\001\003\000n\000g}{chapter.2}% 11
\BOOKMARK [2][-]{subsection.2.2.1}{\376\377\000B\000i\036\303\000u\000\040\001\021\036\323\000\040\000u\000s\000e\000\040\000c\000a\000s\000e\000\040\000t\036\325\000n\000g\000\040\000q\000u\000\341\000t}{section.2.2}% 12
\BOOKMARK [2][-]{subsection.2.2.2}{\376\377\000B\000i\036\303\000u\000\040\001\021\036\323\000\040\000u\000s\000e\000\040\000c\000a\000s\000e\000\040\000p\000h\000\342\000n\000\040\000r\000\343\000\040\000Q\000u\036\243\000n\000\040\000l\000\375\000\040\000t\000h\000i\036\277\000t\000\040\000b\036\313\000\040\000c\000\341\000\040\000n\000h\000\342\000n}{section.2.2}% 13
\BOOKMARK [2][-]{subsection.2.2.3}{\376\377\000B\000i\036\303\000u\000\040\001\021\036\323\000\040\000u\000s\000e\000\040\000c\000a\000s\000e\000\040\000p\000h\000\342\000n\000\040\000r\000\343\000\040\000X\000e\000m\000\040\000t\000r\036\241\000n\000g\000\040\000t\000h\000\341\000i\000\040\000t\000h\000i\036\277\000t\000\040\000b\036\313}{section.2.2}% 14
\BOOKMARK [2][-]{subsection.2.2.4}{\376\377\000B\000i\036\303\000u\000\040\001\021\036\323\000\040\000u\000s\000e\000\040\000c\000a\000s\000e\000\040\000p\000h\000\342\000n\000\040\000r\000\343\000\040\000G\036\355\000i\000\040\000d\036\357\000\040\000l\000i\036\307\000u\000\040\000c\036\243\000m\000\040\000b\000i\036\277\000n}{section.2.2}% 15
\BOOKMARK [2][-]{subsection.2.2.5}{\376\377\000B\000i\036\303\000u\000\040\001\021\036\323\000\040\000u\000s\000e\000\040\000c\000a\000s\000e\000\040\000p\000h\000\342\000n\000\040\000r\000\343\000\040\000Q\000u\000a\000n\000\040\000l\000\375\000\040\000t\000\340\000i\000\040\000k\000h\000o\036\243\000n\000\040\000c\000\341\000\040\000n\000h\000\342\000n}{section.2.2}% 16
\BOOKMARK [2][-]{subsection.2.2.6}{\376\377\000Q\000u\000y\000\040\000t\000r\000\354\000n\000h\000\040\000n\000g\000h\000i\036\307\000p\000\040\000v\036\345\000\040\000K\000\355\000c\000h\000\040\000h\000o\036\241\000t\000\040\000t\000h\000i\036\277\000t\000\040\000b\036\313}{section.2.2}% 17
\BOOKMARK [2][-]{subsection.2.2.7}{\376\377\000Q\000u\000y\000\040\000t\000r\000\354\000n\000h\000\040\000n\000g\000h\000i\036\307\000p\000\040\000v\036\345\000\040\000G\000i\000\341\000m\000\040\000s\000\341\000t\000\040\000v\000\340\000\040\000c\036\243\000n\000h\000\040\000b\000\341\000o\000\040\000t\000r\036\331\000m}{section.2.2}% 18
\BOOKMARK [1][-]{section.2.3}{\376\377\001\020\036\267\000c\000\040\000t\036\243\000\040\000c\000h\036\351\000c\000\040\000n\001\003\000n\000g}{chapter.2}% 19
\BOOKMARK [2][-]{subsection.2.3.1}{\376\377\001\020\036\267\000c\000\040\000t\036\243\000\040\000u\000s\000e\000\040\000c\000a\000s\000e\000\040\001\020\001\003\000n\000g\000\040\000n\000h\036\255\000p}{section.2.3}% 20
\BOOKMARK [2][-]{subsection.2.3.2}{\376\377\001\020\036\267\000c\000\040\000t\036\243\000\040\000u\000s\000e\000\040\000c\000a\000s\000e\000\040\000K\000\355\000c\000h\000\040\000h\000o\036\241\000t\000\040\000t\000h\000i\036\277\000t\000\040\000b\036\313}{section.2.3}% 21
\BOOKMARK [2][-]{subsection.2.3.3}{\376\377\001\020\036\267\000c\000\040\000t\036\243\000\040\000u\000s\000e\000\040\000c\000a\000s\000e\000\040\000X\000e\000m\000\040\000t\000r\036\241\000n\000g\000\040\000t\000h\000\341\000i\000\040\000t\000h\000i\036\277\000t\000\040\000b\036\313}{section.2.3}% 22
\BOOKMARK [2][-]{subsection.2.3.4}{\376\377\001\020\036\267\000c\000\040\000t\036\243\000\040\000u\000s\000e\000\040\000c\000a\000s\000e\000\040\000G\036\355\000i\000\040\000d\036\357\000\040\000l\000i\036\307\000u\000\040\000c\036\243\000m\000\040\000b\000i\036\277\000n}{section.2.3}% 23
\BOOKMARK [2][-]{subsection.2.3.5}{\376\377\001\020\036\267\000c\000\040\000t\036\243\000\040\000u\000s\000e\000\040\000c\000a\000s\000e\000\040\000P\000h\000\341\000t\000\040\000h\000i\036\307\000n\000\040\000n\000g\000u\000y\000\040\000c\001\241\000\040\000t\000r\036\331\000m}{section.2.3}% 24
\BOOKMARK [2][-]{subsection.2.3.6}{\376\377\001\020\036\267\000c\000\040\000t\036\243\000\040\000u\000s\000e\000\040\000c\000a\000s\000e\000\040\000N\000h\036\255\000n\000\040\000c\036\243\000n\000h\000\040\000b\000\341\000o\000\040\000t\000r\036\331\000m}{section.2.3}% 25
\BOOKMARK [1][-]{section.2.4}{\376\377\000Y\000\352\000u\000\040\000c\036\247\000u\000\040\000p\000h\000i\000\040\000c\000h\036\351\000c\000\040\000n\001\003\000n\000g}{chapter.2}% 26
\BOOKMARK [0][-]{chapter.3}{\376\377\000C\000\324\000N\000G\000\040\000N\000G\000H\036\306\000\040\000S\036\354\000\040\000D\036\344\000N\000G}{}% 27
\BOOKMARK [1][-]{section.3.1}{\376\377\000K\000i\036\277\000n\000\040\000t\000r\000\372\000c\000\040\000c\000\364\000n\000g\000\040\000n\000g\000h\036\307\000\040\000t\036\325\000n\000g\000\040\000t\000h\036\303}{chapter.3}% 28
\BOOKMARK [1][-]{section.3.2}{\376\377\000C\000\364\000n\000g\000\040\000n\000g\000h\036\307\000\040\000x\000\342\000y\000\040\000d\036\361\000n\000g\000\040\000k\000h\036\321\000i\000\040\000m\000\341\000y\000\040\000c\000h\036\347}{chapter.3}% 29
\BOOKMARK [2][-]{subsection.3.2.1}{\376\377\000N\000e\000s\000t\000J\000S}{section.3.2}% 30
\BOOKMARK [2][-]{subsection.3.2.2}{\376\377\000P\000o\000s\000t\000g\000r\000e\000S\000Q\000L}{section.3.2}% 31
\BOOKMARK [1][-]{section.3.3}{\376\377\000C\000\364\000n\000g\000\040\000n\000g\000h\036\307\000\040\000x\000\342\000y\000\040\000d\036\361\000n\000g\000\040\036\351\000n\000g\000\040\000d\036\345\000n\000g\000\040\000d\000i\000\040\001\021\036\331\000n\000g}{chapter.3}% 32
\BOOKMARK [2][-]{subsection.3.3.1}{\376\377\000F\000l\000u\000t\000t\000e\000r}{section.3.3}% 33
\BOOKMARK [2][-]{subsection.3.3.2}{\376\377\000D\000a\000r\000t}{section.3.3}% 34
\BOOKMARK [1][-]{section.3.4}{\376\377\000C\000\364\000n\000g\000\040\000n\000g\000h\036\307\000\040\000x\000\342\000y\000\040\000d\036\361\000n\000g\000\040\000k\000h\036\321\000i\000\040\000t\000h\000i\036\277\000t\000\040\000b\036\313\000\040\000I\000o\000T}{chapter.3}% 35
\BOOKMARK [2][-]{subsection.3.4.1}{\376\377\000E\000S\000P\0003\0002}{section.3.4}% 36
\BOOKMARK [2][-]{subsection.3.4.2}{\376\377\000M\000o\000d\000u\000l\000e\000\040\000A\0007\0006\0008\0000\000C}{section.3.4}% 37
\BOOKMARK [2][-]{subsection.3.4.3}{\376\377\000M\000o\000d\000u\000l\000e\000\040\000G\000P\000S\000\040\000N\000E\000O\000-\0006\000M}{section.3.4}% 38
\BOOKMARK [2][-]{subsection.3.4.4}{\376\377\000T\036\325\000n\000g\000\040\000k\036\277\000t\000\040\000k\000h\036\321\000i\000\040\000t\000h\000i\036\277\000t\000\040\000b\036\313\000\040\000I\000o\000T}{section.3.4}% 39
\BOOKMARK [0][-]{chapter.4}{\376\377\000P\000H\000\302\000N\000\040\000T\000\315\000C\000H\000\040\000T\000H\000I\036\276\000T\000\040\000K\036\276\000\040\000V\000\300\000\040\001\020\000\301\000N\000H\000\040\000G\000I\000\301\000\040\000H\036\306\000\040\000T\000H\036\320\000N\000G}{}% 40
\BOOKMARK [1][-]{section.4.1}{\376\377\000T\000h\000i\036\277\000t\000\040\000k\036\277\000\040\000k\000i\036\277\000n\000\040\000t\000r\000\372\000c}{chapter.4}% 41
\BOOKMARK [2][-]{subsection.4.1.1}{\376\377\000L\036\361\000a\000\040\000c\000h\036\315\000n\000\040\000k\000i\036\277\000n\000\040\000t\000r\000\372\000c\000\040\000p\000h\036\247\000n\000\040\000m\036\301\000m}{section.4.1}% 42
\BOOKMARK [2][-]{subsection.4.1.2}{\376\377\000T\000h\000i\036\277\000t\000\040\000k\036\277\000\040\000t\036\325\000n\000g\000\040\000q\000u\000a\000n}{section.4.1}% 43
\BOOKMARK [2][-]{subsection.4.1.3}{\376\377\000T\000h\000i\036\277\000t\000\040\000k\036\277\000\040\000t\036\325\000n\000g\000\040\000q\000u\000a\000n\000\040\000h\036\307\000\040\000t\000h\036\321\000n\000g}{section.4.1}% 44
\BOOKMARK [2][-]{subsection.4.1.4}{\376\377\000T\000h\000i\036\277\000t\000\040\000k\036\277\000\040\000c\000h\000i\000\040\000t\000i\036\277\000t\000\040\000g\000\363\000i}{section.4.1}% 45
\BOOKMARK [1][-]{section.4.2}{\376\377\000T\000h\000i\036\277\000t\000\040\000k\036\277\000\040\000c\000h\000i\000\040\000t\000i\036\277\000t}{chapter.4}% 46
\BOOKMARK [2][-]{subsection.4.2.1}{\376\377\000T\000h\000i\036\277\000t\000\040\000k\036\277\000\040\000g\000i\000a\000o\000\040\000d\000i\036\307\000n}{section.4.2}% 47
\BOOKMARK [2][-]{subsection.4.2.2}{\376\377\000T\000h\000i\036\277\000t\000\040\000k\036\277\000\040\000l\036\333\000p}{section.4.2}% 48
\BOOKMARK [2][-]{subsection.4.2.3}{\376\377\000T\000h\000i\036\277\000t\000\040\000k\036\277\000\040\000c\001\241\000\040\000s\036\337\000\040\000d\036\357\000\040\000l\000i\036\307\000u}{section.4.2}% 49
\BOOKMARK [1][-]{section.4.3}{\376\377\000X\000\342\000y\000\040\000d\036\361\000n\000g\000\040\036\351\000n\000g\000\040\000d\036\345\000n\000g}{chapter.4}% 50
\BOOKMARK [2][-]{subsection.4.3.1}{\376\377\000T\000h\001\260\000\040\000v\000i\036\307\000n\000\040\000v\000\340\000\040\000c\000\364\000n\000g\000\040\000c\036\345\000\040\000s\036\355\000\040\000d\036\345\000n\000g}{section.4.3}% 51
\BOOKMARK [2][-]{subsection.4.3.2}{\376\377\000K\036\277\000t\000\040\000q\000u\036\243\000\040\001\021\036\241\000t\000\040\001\021\001\260\036\343\000c}{section.4.3}% 52
\BOOKMARK [2][-]{subsection.4.3.3}{\376\377\000M\000i\000n\000h\000\040\000h\036\315\000a\000\040\000c\000\341\000c\000\040\000c\000h\036\351\000c\000\040\000n\001\003\000n\000g\000\040\000c\000h\000\355\000n\000h}{section.4.3}% 53
\BOOKMARK [1][-]{section.4.4}{\376\377\000K\000i\036\303\000m\000\040\000t\000h\036\355}{chapter.4}% 54
\BOOKMARK [2][-]{subsection.4.4.1}{\376\377\000K\036\371\000\040\000t\000h\000u\036\255\000t\000\040\000k\000i\036\303\000m\000\040\000t\000h\036\355}{section.4.4}% 55
\BOOKMARK [2][-]{subsection.4.4.2}{\376\377\000K\000i\036\303\000m\000\040\000t\000h\036\355\000\040\000c\000h\036\351\000c\000\040\000n\001\003\000n\000g\000\040\000k\000\355\000c\000h\000\040\000h\000o\036\241\000t\000\040\000t\000h\000i\036\277\000t\000\040\000b\036\313}{section.4.4}% 56
\BOOKMARK [2][-]{subsection.4.4.3}{\376\377\000K\000i\036\303\000m\000\040\000t\000h\036\355\000\040\000c\000h\036\351\000c\000\040\000n\001\003\000n\000g\000\040\000p\000h\000\341\000t\000\040\000h\000i\036\307\000n\000\040\000v\000\340\000\040\000g\036\355\000i\000\040\000c\036\243\000n\000h\000\040\000b\000\341\000o}{section.4.4}% 57
\BOOKMARK [2][-]{subsection.4.4.4}{\376\377\000K\000i\036\303\000m\000\040\000t\000h\036\355\000\040\000c\000h\036\351\000c\000\040\000n\001\003\000n\000g\000\040\001\021\000i\036\301\000u\000\040\000k\000h\000i\036\303\000n\000\040\000c\000\362\000i}{section.4.4}% 58
\BOOKMARK [2][-]{subsection.4.4.5}{\376\377\000C\000\364\000n\000g\000\040\000c\036\345\000\040\000k\000i\036\303\000m\000\040\000t\000h\036\355}{section.4.4}% 59
\BOOKMARK [2][-]{subsection.4.4.6}{\376\377\000T\036\325\000n\000g\000\040\000k\036\277\000t\000\040\000k\000i\036\303\000m\000\040\000t\000h\036\355}{section.4.4}% 60
\BOOKMARK [1][-]{section.4.5}{\376\377\000T\000r\000i\036\303\000n\000\040\000k\000h\000a\000i}{chapter.4}% 61
\BOOKMARK [2][-]{subsection.4.5.1}{\376\377\000M\000\364\000\040\000h\000\354\000n\000h\000\040\000t\000r\000i\036\303\000n\000\040\000k\000h\000a\000i}{section.4.5}% 62
\BOOKMARK [2][-]{subsection.4.5.2}{\376\377\000Q\000u\000y\000\040\000t\000r\000\354\000n\000h\000\040\000t\000r\000i\036\303\000n\000\040\000k\000h\000a\000i}{section.4.5}% 63
\BOOKMARK [2][-]{subsection.4.5.3}{\376\377\000K\036\277\000t\000\040\000q\000u\036\243\000\040\000t\000r\000i\036\303\000n\000\040\000k\000h\000a\000i\000\040\000t\000h\036\355\000\040\000n\000g\000h\000i\036\307\000m}{section.4.5}% 64
\BOOKMARK [0][-]{chapter.5}{\376\377\000C\000\301\000C\000\040\000G\000I\036\242\000I\000\040\000P\000H\000\301\000P\000\040\000V\000\300\000\040\001\020\000\323\000N\000G\000\040\000G\000\323\000P\000\040\000N\036\324\000I\000\040\000B\036\254\000T}{}% 65
\BOOKMARK [1][-]{section.5.1}{\376\377\000G\000i\036\333\000i\000\040\000t\000h\000i\036\307\000u\000\040\000c\000h\001\260\001\241\000n\000g}{chapter.5}% 66
\BOOKMARK [1][-]{section.5.2}{\376\377\000G\000i\036\243\000i\000\040\000t\000h\000u\036\255\000t\000\040\000p\000h\000\341\000t\000\040\000h\000i\036\307\000n\000\040\000x\000e\000\040\000d\000i\000\040\000c\000h\000u\000y\036\303\000n\000\040\000b\036\245\000t\000\040\000t\000h\001\260\036\335\000n\000g}{chapter.5}% 67
\BOOKMARK [2][-]{subsection.5.2.1}{\376\377\000B\000\340\000i\000\040\000t\000o\000\341\000n\000\040\000v\000\340\000\040\000k\000h\000\363\000\040\000k\000h\001\003\000n}{section.5.2}% 68
\BOOKMARK [2][-]{subsection.5.2.2}{\376\377\000G\000i\036\243\000i\000\040\000p\000h\000\341\000p\000\040\001\021\036\301\000\040\000x\000u\036\245\000t}{section.5.2}% 69
\BOOKMARK [2][-]{subsection.5.2.3}{\376\377\000K\036\277\000t\000\040\000q\000u\036\243\000\040\001\021\036\241\000t\000\040\001\021\001\260\036\343\000c\000\040\000v\000\340\000\040\001\021\000\341\000n\000h\000\040\000g\000i\000\341}{section.5.2}% 70
\BOOKMARK [1][-]{section.5.3}{\376\377\000C\001\241\000\040\000c\000h\036\277\000\040\000c\036\243\000n\000h\000\040\000b\000\341\000o\000\040\001\021\000a\000\040\000k\000\352\000n\000h}{chapter.5}% 71
\BOOKMARK [2][-]{subsection.5.3.1}{\376\377\000B\000\340\000i\000\040\000t\000o\000\341\000n\000\040\000v\000\340\000\040\000k\000h\000\363\000\040\000k\000h\001\003\000n}{section.5.3}% 72
\BOOKMARK [2][-]{subsection.5.3.2}{\376\377\000G\000i\036\243\000i\000\040\000p\000h\000\341\000p\000\040\001\021\036\301\000\040\000x\000u\036\245\000t}{section.5.3}% 73
\BOOKMARK [2][-]{subsection.5.3.3}{\376\377\000K\036\277\000t\000\040\000q\000u\036\243\000\040\001\021\036\241\000t\000\040\001\021\001\260\036\343\000c\000\040\000v\000\340\000\040\001\021\000\341\000n\000h\000\040\000g\000i\000\341}{section.5.3}% 74
\BOOKMARK [1][-]{section.5.4}{\376\377\000T\000\341\000i\000\040\000t\036\241\000o\000\040\000h\000\340\000n\000h\000\040\000t\000r\000\354\000n\000h\000\040\000v\000\340\000\040\000t\000\355\000n\000h\000\040\000q\000u\000\343\000n\000g\000\040\001\021\001\260\036\335\000n\000g\000\040\000t\036\353\000\040\000d\036\357\000\040\000l\000i\036\307\000u\000\040\000G\000P\000S}{chapter.5}% 75
\BOOKMARK [2][-]{subsection.5.4.1}{\376\377\000B\000\340\000i\000\040\000t\000o\000\341\000n\000\040\000v\000\340\000\040\000k\000h\000\363\000\040\000k\000h\001\003\000n}{section.5.4}% 76
\BOOKMARK [2][-]{subsection.5.4.2}{\376\377\000G\000i\036\243\000i\000\040\000p\000h\000\341\000p\000\040\001\021\036\301\000\040\000x\000u\036\245\000t}{section.5.4}% 77
\BOOKMARK [2][-]{subsection.5.4.3}{\376\377\000K\036\277\000t\000\040\000q\000u\036\243\000\040\001\021\036\241\000t\000\040\001\021\001\260\036\343\000c\000\040\000v\000\340\000\040\001\021\000\341\000n\000h\000\040\000g\000i\000\341}{section.5.4}% 78
\BOOKMARK [1][-]{section.5.5}{\376\377\000Q\000u\036\243\000n\000\040\000l\000\375\000\040\000v\000\362\000n\000g\000\040\001\021\036\335\000i\000\040\000v\000\340\000\040\000q\000u\000y\036\301\000n\000\040\001\021\000i\036\301\000u\000\040\000k\000h\000i\036\303\000n\000\040\000t\000h\000i\036\277\000t\000\040\000b\036\313\000\040\000I\000o\000T}{chapter.5}% 79
\BOOKMARK [2][-]{subsection.5.5.1}{\376\377\000B\000\340\000i\000\040\000t\000o\000\341\000n\000\040\000v\000\340\000\040\000k\000h\000\363\000\040\000k\000h\001\003\000n}{section.5.5}% 80
\BOOKMARK [2][-]{subsection.5.5.2}{\376\377\000G\000i\036\243\000i\000\040\000p\000h\000\341\000p\000\040\001\021\036\301\000\040\000x\000u\036\245\000t}{section.5.5}% 81
\BOOKMARK [2][-]{subsection.5.5.3}{\376\377\000K\036\277\000t\000\040\000q\000u\036\243\000\040\001\021\036\241\000t\000\040\001\021\001\260\036\343\000c\000\040\000v\000\340\000\040\001\021\000\341\000n\000h\000\040\000g\000i\000\341}{section.5.5}% 82
\BOOKMARK [1][-]{section.5.6}{\376\377\000T\036\325\000n\000g\000\040\000k\036\277\000t\000\040\000c\000h\001\260\001\241\000n\000g}{chapter.5}% 83
\BOOKMARK [0][-]{chapter.6}{\376\377\000K\036\276\000T\000\040\000L\000U\036\254\000N\000\040\000V\000\300\000\040\000H\001\257\036\332\000N\000G\000\040\000P\000H\000\301\000T\000\040\000T\000R\000I\036\302\000N}{}% 84
\BOOKMARK [1][-]{section.6.1}{\376\377\000K\036\277\000t\000\040\000l\000u\036\255\000n}{chapter.6}% 85
\BOOKMARK [1][-]{section.6.2}{\376\377\000S\000o\000\040\000s\000\341\000n\000h\000\040\000v\036\333\000i\000\040\000c\000\341\000c\000\040\000s\036\243\000n\000\040\000p\000h\036\251\000m\000\040\000t\000r\000\352\000n\000\040\000t\000h\036\313\000\040\000t\000r\001\260\036\335\000n\000g}{chapter.6}% 86
\BOOKMARK [1][-]{section.6.3}{\376\377\000B\000\340\000i\000\040\000h\036\315\000c\000\040\000k\000i\000n\000h\000\040\000n\000g\000h\000i\036\307\000m\000\040}{chapter.6}% 87
\BOOKMARK [1][-]{section.6.4}{\376\377\000H\036\241\000n\000\040\000c\000h\036\277}{chapter.6}% 88
\BOOKMARK [1][-]{section.6.5}{\376\377\000H\001\260\036\333\000n\000g\000\040\000p\000h\000\341\000t\000\040\000t\000r\000i\036\303\000n}{chapter.6}% 89
\BOOKMARK [0][-]{section*.53}{\376\377\000T\000\300\000I\000\040\000L\000I\036\306\000U\000\040\000T\000H\000A\000M\000\040\000K\000H\036\242\000O}{}% 90
