This is pdfTeX, Version 3.141592653-2.6-1.40.29 (MiKTeX 26.5) (preloaded format=pdflatex 2026.6.23)  23 JUN 2026 20:48
entering extended mode
 restricted \write18 enabled.
 file:line:error style messages enabled.
 %&-line parsing enabled.
**"d:/Project 3/Report/Chuong/4_Ket_qua_thuc_nghiem.tex"
(d:/Project 3/Report/Chuong/4_Ket_qua_thuc_nghiem.tex
LaTeX2e <2026-06-01>
L3 programming layer <2026-05-26>
(C:\Program Files\MiKTeX\tex/latex/subfiles\subfiles.cls
Document Class: subfiles 2020/11/14 v2.2 Multi-file projects (class)
Preamble taken from file `../DoAn.tex'
(C:\Program Files\MiKTeX\tex/latex/import\import.sty
Package: import 2020/04/01  v 6.2
) (d:\Project 3\Report\DoAn.tex (C:\Program Files\MiKTeX\tex/latex/base\report.cls
Document Class: report 2025/01/22 v1.4n Standard LaTeX document class
(C:\Program Files\MiKTeX\tex/latex/base\size10.clo
File: size10.clo 2025/01/22 v1.4n Standard LaTeX file (size option)
)
\c@part=\count276
\c@chapter=\count277
\c@section=\count278
\c@subsection=\count279
\c@subsubsection=\count280
\c@paragraph=\count281
\c@subparagraph=\count282
\c@figure=\count283
\c@table=\count284
\abovecaptionskip=\skip49
\belowcaptionskip=\skip50
\bibindent=\dimen150
) (C:\Program Files\MiKTeX\tex/latex/koma-script\scrextend.sty
Package: scrextend 2026/02/02 v3.49.2 KOMA-Script package (extend other classes with features of KOMA-Script classes)
 (C:\Program Files\MiKTeX\tex/latex/koma-script\scrkbase.sty
Package: scrkbase 2026/02/02 v3.49.2 KOMA-Script package (KOMA-Script-dependent basics and keyval usage)
 (C:\Program Files\MiKTeX\tex/latex/koma-script\scrbase.sty
Package: scrbase 2026/02/02 v3.49.2 KOMA-Script package (KOMA-Script-independent basics and keyval usage)
 (C:\Program Files\MiKTeX\tex/latex/koma-script\scrlfile.sty
Package: scrlfile 2026/02/02 v3.49.2 KOMA-Script package (file load hooks)
 (C:\Program Files\MiKTeX\tex/latex/koma-script\scrlfile-hook.sty
Package: scrlfile-hook 2026/02/02 v3.49.2 KOMA-Script package (using LaTeX hooks)
 (C:\Program Files\MiKTeX\tex/latex/koma-script\scrlogo.sty
Package: scrlogo 2026/02/02 v3.49.2 KOMA-Script package (logo)
))) (C:\Program Files\MiKTeX\tex/latex/graphics\keyval.sty
Package: keyval 2026-05-17 v1.15 key=value parser (DPC)
\KV@toks@=\toks17
)
Applying: [2021/05/01] Usage of raw or classic option list on input line 254.
Already applied: [0000/00/00] Usage of raw or classic option list on input line 370.
)))

LaTeX Font Warning: Font shape `OT1/cmr/m/n' in size <13> not available
(Font)              size <12> substituted on input line 3.

(C:\Program Files\MiKTeX\tex/latex/vntex\vietnam.sty
Package: vietnam 2009/07/12 v1.3 support for Vietnamese
 (C:\Program Files\MiKTeX\tex/latex/base\ifthen.sty
Package: ifthen 2024/03/16 v1.1e Standard LaTeX ifthen package (DPC)
) (C:\Program Files\MiKTeX\tex/latex/base\fontenc.sty
Package: fontenc 2025/07/18 v2.1d Standard LaTeX package
 (C:\Program Files\MiKTeX\tex/latex/vntex\t5enc.def
File: t5enc.def 2006/11/21 v1.4 Vietnamese T5 encoding
Now handling font encoding T5 ...
... processing UTF-8 mapping file for font encoding T5
 (C:\Program Files\MiKTeX\tex/latex/vntex\t5enc.dfu
File: t5enc.dfu 2006/08/19 v1.1 UTF8 support for Vietnamese
   defining Unicode char U+00AB (decimal 171)
   defining Unicode char U+00BB (decimal 187)
   defining Unicode char U+00C0 (decimal 192)
   defining Unicode char U+00C1 (decimal 193)
   defining Unicode char U+00C2 (decimal 194)
   defining Unicode char U+00C3 (decimal 195)
   defining Unicode char U+00C8 (decimal 200)
   defining Unicode char U+00C9 (decimal 201)
   defining Unicode char U+00CA (decimal 202)
   defining Unicode char U+00CC (decimal 204)
   defining Unicode char U+00CD (decimal 205)
   defining Unicode char U+00D2 (decimal 210)
   defining Unicode char U+00D3 (decimal 211)
   defining Unicode char U+00D4 (decimal 212)
   defining Unicode char U+00D5 (decimal 213)
   defining Unicode char U+00D9 (decimal 217)
   defining Unicode char U+00DA (decimal 218)
   defining Unicode char U+00DD (decimal 221)
   defining Unicode char U+00E0 (decimal 224)
   defining Unicode char U+00E1 (decimal 225)
   defining Unicode char U+00E2 (decimal 226)
   defining Unicode char U+00E3 (decimal 227)
   defining Unicode char U+00E8 (decimal 232)
   defining Unicode char U+00E9 (decimal 233)
   defining Unicode char U+00EA (decimal 234)
   defining Unicode char U+00EC (decimal 236)
   defining Unicode char U+00ED (decimal 237)
   defining Unicode char U+00F2 (decimal 242)
   defining Unicode char U+00F3 (decimal 243)
   defining Unicode char U+00F4 (decimal 244)
   defining Unicode char U+00F5 (decimal 245)
   defining Unicode char U+00F9 (decimal 249)
   defining Unicode char U+00FA (decimal 250)
   defining Unicode char U+00FD (decimal 253)
   defining Unicode char U+0102 (decimal 258)
   defining Unicode char U+0103 (decimal 259)
   defining Unicode char U+0110 (decimal 272)
   defining Unicode char U+0111 (decimal 273)
   defining Unicode char U+0128 (decimal 296)
   defining Unicode char U+0129 (decimal 297)
   defining Unicode char U+0131 (decimal 305)
   defining Unicode char U+0168 (decimal 360)
   defining Unicode char U+0169 (decimal 361)
   defining Unicode char U+01A0 (decimal 416)
   defining Unicode char U+01A1 (decimal 417)
   defining Unicode char U+01AF (decimal 431)
   defining Unicode char U+01B0 (decimal 432)
   defining Unicode char U+1EA0 (decimal 7840)
   defining Unicode char U+1EA1 (decimal 7841)
   defining Unicode char U+1EA2 (decimal 7842)
   defining Unicode char U+1EA3 (decimal 7843)
   defining Unicode char U+1EA4 (decimal 7844)
   defining Unicode char U+1EA5 (decimal 7845)
   defining Unicode char U+1EA6 (decimal 7846)
   defining Unicode char U+1EA7 (decimal 7847)
   defining Unicode char U+1EA8 (decimal 7848)
   defining Unicode char U+1EA9 (decimal 7849)
   defining Unicode char U+1EAA (decimal 7850)
   defining Unicode char U+1EAB (decimal 7851)
   defining Unicode char U+1EAC (decimal 7852)
   defining Unicode char U+1EAD (decimal 7853)
   defining Unicode char U+1EAE (decimal 7854)
   defining Unicode char U+1EAF (decimal 7855)
   defining Unicode char U+1EB0 (decimal 7856)
   defining Unicode char U+1EB1 (decimal 7857)
   defining Unicode char U+1EB2 (decimal 7858)
   defining Unicode char U+1EB3 (decimal 7859)
   defining Unicode char U+1EB4 (decimal 7860)
   defining Unicode char U+1EB5 (decimal 7861)
   defining Unicode char U+1EB6 (decimal 7862)
   defining Unicode char U+1EB7 (decimal 7863)
   defining Unicode char U+1EB8 (decimal 7864)
   defining Unicode char U+1EB9 (decimal 7865)
   defining Unicode char U+1EBA (decimal 7866)
   defining Unicode char U+1EBB (decimal 7867)
   defining Unicode char U+1EBC (decimal 7868)
   defining Unicode char U+1EBD (decimal 7869)
   defining Unicode char U+1EBE (decimal 7870)
   defining Unicode char U+1EBF (decimal 7871)
   defining Unicode char U+1EC0 (decimal 7872)
   defining Unicode char U+1EC1 (decimal 7873)
   defining Unicode char U+1EC2 (decimal 7874)
   defining Unicode char U+1EC3 (decimal 7875)
   defining Unicode char U+1EC4 (decimal 7876)
   defining Unicode char U+1EC5 (decimal 7877)
   defining Unicode char U+1EC6 (decimal 7878)
   defining Unicode char U+1EC7 (decimal 7879)
   defining Unicode char U+1EC8 (decimal 7880)
   defining Unicode char U+1EC9 (decimal 7881)
   defining Unicode char U+1ECA (decimal 7882)
   defining Unicode char U+1ECB (decimal 7883)
   defining Unicode char U+1ECC (decimal 7884)
   defining Unicode char U+1ECD (decimal 7885)
   defining Unicode char U+1ECE (decimal 7886)
   defining Unicode char U+1ECF (decimal 7887)
   defining Unicode char U+1ED0 (decimal 7888)
   defining Unicode char U+1ED1 (decimal 7889)
   defining Unicode char U+1ED2 (decimal 7890)
   defining Unicode char U+1ED3 (decimal 7891)
   defining Unicode char U+1ED4 (decimal 7892)
   defining Unicode char U+1ED5 (decimal 7893)
   defining Unicode char U+1ED6 (decimal 7894)
   defining Unicode char U+1ED7 (decimal 7895)
   defining Unicode char U+1ED8 (decimal 7896)
   defining Unicode char U+1ED9 (decimal 7897)
   defining Unicode char U+1EDA (decimal 7898)
   defining Unicode char U+1EDB (decimal 7899)
   defining Unicode char U+1EDC (decimal 7900)
   defining Unicode char U+1EDD (decimal 7901)
   defining Unicode char U+1EDE (decimal 7902)
   defining Unicode char U+1EDF (decimal 7903)
   defining Unicode char U+1EE0 (decimal 7904)
   defining Unicode char U+1EE1 (decimal 7905)
   defining Unicode char U+1EE2 (decimal 7906)
   defining Unicode char U+1EE3 (decimal 7907)
   defining Unicode char U+1EE4 (decimal 7908)
   defining Unicode char U+1EE5 (decimal 7909)
   defining Unicode char U+1EE6 (decimal 7910)
   defining Unicode char U+1EE7 (decimal 7911)
   defining Unicode char U+1EE8 (decimal 7912)
   defining Unicode char U+1EE9 (decimal 7913)
   defining Unicode char U+1EEA (decimal 7914)
   defining Unicode char U+1EEB (decimal 7915)
   defining Unicode char U+1EEC (decimal 7916)
   defining Unicode char U+1EED (decimal 7917)
   defining Unicode char U+1EEE (decimal 7918)
   defining Unicode char U+1EEF (decimal 7919)
   defining Unicode char U+1EF0 (decimal 7920)
   defining Unicode char U+1EF1 (decimal 7921)
   defining Unicode char U+1EF2 (decimal 7922)
   defining Unicode char U+1EF3 (decimal 7923)
   defining Unicode char U+1EF4 (decimal 7924)
   defining Unicode char U+1EF5 (decimal 7925)
   defining Unicode char U+1EF6 (decimal 7926)
   defining Unicode char U+1EF7 (decimal 7927)
   defining Unicode char U+1EF8 (decimal 7928)
   defining Unicode char U+1EF9 (decimal 7929)
   defining Unicode char U+200C (decimal 8204)
   defining Unicode char U+2013 (decimal 8211)
   defining Unicode char U+2014 (decimal 8212)
   defining Unicode char U+2018 (decimal 8216)
   defining Unicode char U+2019 (decimal 8217)
   defining Unicode char U+201A (decimal 8218)
   defining Unicode char U+201C (decimal 8220)
   defining Unicode char U+201D (decimal 8221)
   defining Unicode char U+201E (decimal 8222)
   defining Unicode char U+2030 (decimal 8240)
   defining Unicode char U+2031 (decimal 8241)
   defining Unicode char U+2039 (decimal 8249)
   defining Unicode char U+203A (decimal 8250)
   defining Unicode char U+2423 (decimal 9251)
))
LaTeX Font Info:    Trying to load font information for T5+cmr on input line 116.
 (C:\Program Files\MiKTeX\tex/latex/vntex\t5cmr.fd
File: t5cmr.fd 1999/05/25 v2.5h Standard LaTeX font definitions
)) (C:\Program Files\MiKTeX\tex/latex/base\inputenc.sty
Package: inputenc 2024/02/08 v1.3d Input encoding file
\inpenc@prehook=\toks18
\inpenc@posthook=\toks19
) (C:\Program Files\MiKTeX\tex/latex/vntex\vncaps.tex
File: vncaps.tex 2006/06/07 v1.1 Captions in Vietnamese
)) (C:\Program Files\MiKTeX\tex/latex/geometry\geometry.sty
Package: geometry 2026/03/07 v6.0 Page Geometry
 (C:\Program Files\MiKTeX\tex/generic/iftex\ifvtex.sty
Package: ifvtex 2019/10/25 v1.7 ifvtex legacy package. Use iftex instead.
 (C:\Program Files\MiKTeX\tex/generic/iftex\iftex.sty
Package: iftex 2024/12/12 v1.0g TeX engine tests
))
\Gm@cnth=\count285
\Gm@cntv=\count286
\c@Gm@tempcnt=\count287
\Gm@bindingoffset=\dimen151
\Gm@wd@mp=\dimen152
\Gm@odd@mp=\dimen153
\Gm@even@mp=\dimen154
\Gm@layoutwidth=\dimen155
\Gm@layoutheight=\dimen156
\Gm@layouthoffset=\dimen157
\Gm@layoutvoffset=\dimen158
\Gm@dimlist=\toks20
 (C:\Program Files\MiKTeX\tex/latex/geometry\geometry.cfg)) (C:\Program Files\MiKTeX\tex/latex/graphics\graphicx.sty
Package: graphicx 2026-05-17 v1.2e Enhanced LaTeX Graphics (DPC,SPQR)
 (C:\Program Files\MiKTeX\tex/latex/graphics\graphics.sty
Package: graphics 2026-05-17 v1.4h Standard LaTeX Graphics (DPC,SPQR)
 (C:\Program Files\MiKTeX\tex/latex/graphics\trig.sty
Package: trig 2023/12/02 v1.11 sin cos tan (DPC)
) (C:\Program Files\MiKTeX\tex/latex/graphics-cfg\graphics.cfg
File: graphics.cfg 2016/06/04 v1.11 sample graphics configuration
)
Package graphics Info: Driver file: pdftex.def on input line 106.
 (C:\Program Files\MiKTeX\tex/latex/graphics-def\pdftex.def
File: pdftex.def 2025/09/29 v1.2d Graphics/color driver for pdftex
))
\Gin@req@height=\dimen159
\Gin@req@width=\dimen160
) (C:\Program Files\MiKTeX\tex/latex/fancybox\fancybox.sty
Package: fancybox 2010/05/15 1.4

Style option: `fancybox' v1.4 <2010/05/15> (tvz)
\@fancybox=\box53
\shadowsize=\dimen161
\@Sbox=\box54
\do@VerbBox=\toks21
\the@fancyput=\toks22
\this@fancyput=\toks23
\EndVerbatimTokens=\toks24
\Verbatim@Outfile=\write3
\Verbatim@Infile=\read2
) (C:\Program Files\MiKTeX\tex/latex/tools\indentfirst.sty
Package: indentfirst 2023/07/02 v1.03 Indent first paragraph (DPC)
) (C:\Program Files\MiKTeX\tex/latex/amscls\amsthm.sty
Package: amsthm 2020/05/29 v2.20.6
\thm@style=\toks25
\thm@bodyfont=\toks26
\thm@headfont=\toks27
\thm@notefont=\toks28
\thm@headpunct=\toks29
\thm@preskip=\skip51
\thm@postskip=\skip52
\thm@headsep=\skip53
\dth@everypar=\toks30
) (C:\Program Files\MiKTeX\tex/latex/base\latexsym.sty
Package: latexsym 1998/08/17 v2.2e Standard LaTeX package (lasy symbols)
\symlasy=\mathgroup4
LaTeX Font Info:    Overwriting symbol font `lasy' in version `bold'
(Font)                  U/lasy/m/n --> U/lasy/b/n on input line 52.
) (C:\Program Files\MiKTeX\tex/latex/amsmath\amsmath.sty
Package: amsmath 2026/05/19 v2.18d AMS math features
\@mathmargin=\skip54

For additional information on amsmath, use the `?' option.
(C:\Program Files\MiKTeX\tex/latex/amsmath\amstext.sty
Package: amstext 2024/11/17 v2.01 AMS text
 (C:\Program Files\MiKTeX\tex/latex/amsmath\amsgen.sty
File: amsgen.sty 1999/11/30 v2.0 generic functions
\@emptytoks=\toks31
\ex@=\dimen162
)) (C:\Program Files\MiKTeX\tex/latex/amsmath\amsbsy.sty
Package: amsbsy 1999/11/29 v1.2d Bold Symbols
\pmbraise@=\dimen163
) (C:\Program Files\MiKTeX\tex/latex/amsmath\amsopn.sty
Package: amsopn 2022/04/08 v2.04 operator names
)
\inf@bad=\count288
LaTeX Info: Redefining \frac on input line 233.
\uproot@=\count289
\leftroot@=\count290
LaTeX Info: Redefining \overline on input line 398.
LaTeX Info: Redefining \colon on input line 409.
\classnum@=\count291
\DOTSCASE@=\count292
LaTeX Info: Redefining \ldots on input line 495.
LaTeX Info: Redefining \dots on input line 498.
LaTeX Info: Redefining \cdots on input line 619.
\Mathstrutbox@=\box55
\strutbox@=\box56
LaTeX Info: Redefining \big on input line 721.
LaTeX Info: Redefining \Big on input line 722.
LaTeX Info: Redefining \bigg on input line 723.
LaTeX Info: Redefining \Bigg on input line 724.
\big@size=\dimen164
LaTeX Font Info:    Redeclaring font encoding OML on input line 742.
LaTeX Font Info:    Redeclaring font encoding OMS on input line 743.
\macc@depth=\count293
LaTeX Info: Redefining \bmod on input line 904.
LaTeX Info: Redefining \pmod on input line 909.
LaTeX Info: Redefining \smash on input line 939.
LaTeX Info: Redefining \relbar on input line 969.
LaTeX Info: Redefining \Relbar on input line 970.
\c@MaxMatrixCols=\count294
\dotsspace@=\muskip17
\c@parentequation=\count295
\dspbrk@lvl=\count296
\tag@help=\toks32
\row@=\count297
\column@=\count298
\maxfields@=\count299
\andhelp@=\toks33
\eqnshift@=\dimen165
\alignsep@=\dimen166
\tagshift@=\dimen167
\tagwidth@=\dimen168
\totwidth@=\dimen169
\lineht@=\dimen170
\@envbody=\toks34
\multlinegap=\skip55
\multlinetaggap=\skip56
\mathdisplay@stack=\toks35
LaTeX Info: Redefining \[ on input line 2965.
LaTeX Info: Redefining \] on input line 2966.
) (C:\Program Files\MiKTeX\tex/latex/amsfonts\amssymb.sty
Package: amssymb 2013/01/14 v3.01 AMS font symbols
 (C:\Program Files\MiKTeX\tex/latex/amsfonts\amsfonts.sty
Package: amsfonts 2013/01/14 v3.01 Basic AMSFonts support
\symAMSa=\mathgroup5
\symAMSb=\mathgroup6
LaTeX Font Info:    Redeclaring math symbol \hbar on input line 98.
LaTeX Font Info:    Overwriting math alphabet `\mathfrak' in version `bold'
(Font)                  U/euf/m/n --> U/euf/b/n on input line 106.
)) (C:\Program Files\MiKTeX\tex/latex/psnfss\times.sty
Package: times 2020/03/25 PSNFSS-v9.3 (SPQR) 
) (C:\Program Files\MiKTeX\tex/latex/tools\array.sty
Package: array 2026/02/24 v2.7b Tabular extension package (FMi)
\col@sep=\dimen171
\ar@mcellbox=\box57
\extrarowheight=\dimen172
\NC@list=\toks36
\extratabsurround=\skip57
\backup@length=\skip58
\ar@cellbox=\box58
) (C:\Program Files\MiKTeX\tex/latex/enumitem\enumitem.sty
Package: enumitem 2025/02/06 v3.11 Customized lists
\labelindent=\skip59
\enit@outerparindent=\dimen173
\enit@toks=\toks37
\enit@inbox=\box59
\enit@count@id=\count300
\enitdp@description=\count301
) (C:\Program Files\MiKTeX\tex/latex/subfiles\subfiles.sty
Package: subfiles 2020/11/14 v2.2 Multi-file projects (package)
) (C:\Program Files\MiKTeX\tex/latex/titlesec\titlesec.sty
Package: titlesec 2025/01/04 v2.17 Sectioning titles
\ttl@box=\box60
\beforetitleunit=\skip60
\aftertitleunit=\skip61
\ttl@plus=\dimen174
\ttl@minus=\dimen175
\ttl@toksa=\toks38
\titlewidth=\dimen176
\titlewidthlast=\dimen177
\titlewidthfirst=\dimen178
) (C:\Program Files\MiKTeX\tex/latex/titlesec\titletoc.sty
Package: titletoc 2025/01/04 v2.17 TOC entries
\ttl@leftsep=\dimen179
) (C:\Program Files\MiKTeX\tex/latex/chngcntr\chngcntr.sty
Package: chngcntr 2018/04/09 v1.1a change counter resetting
Package chngcntr Info: \counterwithout already defined.
(chngcntr)             Quitting chngcntr on input line 21.
) (C:\Program Files\MiKTeX\tex/latex/pdflscape\pdflscape.sty
Package: pdflscape 2022-10-27 v0.13 Display of landscape pages in PDF
 (C:\Program Files\MiKTeX\tex/latex/pdflscape\pdflscape-nometadata.sty
Package: pdflscape-nometadata 2022-10-28 v0.13 Display of landscape pages in PDF (HO)
 (C:\Program Files\MiKTeX\tex/latex/graphics\lscape.sty
Package: lscape 2020/05/28 v3.02 Landscape Pages (DPC)
)
Package pdflscape Info: Auto-detected driver: pdftex on input line 81.
)) (C:\Program Files\MiKTeX\tex/latex/tools\afterpage.sty
Package: afterpage 2023/07/04 v1.08 After-Page Package (DPC)
\AP@output=\toks39
\AP@partial=\box61
\AP@footins=\box62
) (C:\Program Files\MiKTeX\tex/latex/algorithm2e\algorithm2e.sty
Package: algorithm2e 2017/07/18 v5.2 algorithms environments
\c@AlgoLine=\count302
\algocf@hangindent=\skip62
 (C:\Program Files\MiKTeX\tex/latex/ifoddpage\ifoddpage.sty
Package: ifoddpage 2022/10/18 v1.2 Conditionals for odd/even page detection
\c@checkoddpage=\count303
) (C:\Program Files\MiKTeX\tex/latex/tools\xspace.sty
Package: xspace 2014/10/28 v1.13 Space after command names (DPC,MH)
) (C:\Program Files\MiKTeX\tex/latex/relsize\relsize.sty
Package: relsize 2013/03/29 ver 4.1
)
\skiptotal=\skip63
\skiplinenumber=\skip64
\skiprule=\skip65
\skiphlne=\skip66
\skiptext=\skip67
\skiplength=\skip68
\algomargin=\skip69
\skipalgocfslide=\skip70
\algowidth=\dimen180
\inoutsize=\dimen181
\inoutindent=\dimen182
\interspacetitleruled=\dimen183
\interspacealgoruled=\dimen184
\interspacetitleboxruled=\dimen185
\algocf@ruledwidth=\skip71
\algocf@inoutbox=\box63
\algocf@inputbox=\box64
\AlCapSkip=\skip72
\AlCapHSkip=\skip73
\algoskipindent=\skip74
\algocf@nlbox=\box65
\algocf@hangingbox=\box66
\algocf@untilbox=\box67
\algocf@skipuntil=\skip75
\algocf@capbox=\box68
\algocf@lcaptionbox=\skip76
\algoheightruledefault=\skip77
\algoheightrule=\skip78
\algotitleheightruledefault=\skip79
\algotitleheightrule=\skip80
\c@algocfline=\count304
\c@algocfproc=\count305
\c@algocf=\count306
\algocf@algoframe=\box69
\algocf@algobox=\box70
) (C:\Program Files\MiKTeX\tex/latex/capt-of\capt-of.sty
Package: capt-of 2009/12/29 v0.2 standard captions outside of floats
) (C:\Program Files\MiKTeX\tex/latex/multirow\multirow.sty
Package: multirow 2024/11/12 v2.9 Span multiple rows of a table
\multirow@colwidth=\skip81
\multirow@cntb=\count307
\multirow@dima=\skip82
\bigstrutjot=\dimen186
) (C:\Program Files\MiKTeX\tex/latex/fancyhdr\fancyhdr.sty
Package: fancyhdr 2025/02/07 v5.2 Extensive control of page headers and footers
\f@nch@headwidth=\skip83
\f@nch@offset@elh=\skip84
\f@nch@offset@erh=\skip85
\f@nch@offset@olh=\skip86
\f@nch@offset@orh=\skip87
\f@nch@offset@elf=\skip88
\f@nch@offset@erf=\skip89
\f@nch@offset@olf=\skip90
\f@nch@offset@orf=\skip91
\f@nch@height=\skip92
\f@nch@footalignment=\skip93
\f@nch@widthL=\skip94
\f@nch@widthC=\skip95
\f@nch@widthR=\skip96
\@temptokenb=\toks40
) (C:\Program Files\MiKTeX\tex/latex/appendix\appendix.sty
Package: appendix 2020/02/08 v1.2c extra appendix facilities
\c@@pps=\count308
\c@@ppsavesec=\count309
\c@@ppsaveapp=\count310
) (C:\Program Files\MiKTeX\tex/latex/caption\caption.sty
Package: caption 2023/08/05 v3.6o Customizing captions (AR)
 (C:\Program Files\MiKTeX\tex/latex/caption\caption3.sty
Package: caption3 2023/07/31 v2.4d caption3 kernel (AR)
\caption@tempdima=\dimen187
\captionmargin=\dimen188
\caption@leftmargin=\dimen189
\caption@rightmargin=\dimen190
\caption@width=\dimen191
\caption@indent=\dimen192
\caption@parindent=\dimen193
\caption@hangindent=\dimen194
Package caption Info: Standard document class detected.
)
\c@caption@flags=\count311
\c@continuedfloat=\count312
Package caption Info: scrextend package is loaded.
\caption@addmargin@hsize=\dimen195
\caption@addmargin@linewidth=\dimen196
) (C:\Program Files\MiKTeX\tex/latex/listings\listings.sty
\lst@mode=\count313
\lst@gtempboxa=\box71
\lst@token=\toks41
\lst@length=\count314
\lst@currlwidth=\dimen197
\lst@column=\count315
\lst@pos=\count316
\lst@lostspace=\dimen198
\lst@width=\dimen199
\lst@newlines=\count317
\lst@lineno=\count318
\lst@maxwidth=\dimen256
 (C:\Program Files\MiKTeX\tex/latex/listings\lstpatch.sty
File: lstpatch.sty 2025/11/14 1.11b (Carsten Heinz)
) (C:\Program Files\MiKTeX\tex/latex/listings\lstmisc.sty
File: lstmisc.sty 2025/11/14 1.11b (Carsten Heinz)
\c@lstnumber=\count319
\lst@skipnumbers=\count320
\lst@framebox=\box72
) (C:\Program Files\MiKTeX\tex/latex/listings\listings.cfg
File: listings.cfg 2025/11/14 1.11b listings configuration
))
Package: listings 2025/11/14 1.11b (Carsten Heinz)
 (C:\Program Files\MiKTeX\tex/latex/float\float.sty
Package: float 2001/11/08 v1.3d Float enhancements (AL)
\c@float@type=\count321
\float@exts=\toks42
\float@box=\box73
\@float@everytoks=\toks43
\@floatcapt=\box74
) (C:\Program Files\MiKTeX\tex/latex/caption\subcaption.sty
Package: subcaption 2023/07/28 v1.6b Sub-captions (AR)
Package caption Info: New subtype `subfigure' on input line 238.
\c@subfigure=\count322
Package caption Info: New subtype `subtable' on input line 238.
\c@subtable=\count323
) (C:\Program Files\MiKTeX\tex/latex/xurl\xurl.sty
Package: xurl 2022/01/09 v 0.10 modify URL breaks
 (C:\Program Files\MiKTeX\tex/latex/url\url.sty
\Urlmuskip=\muskip18
Package: url 2013/09/16  ver 3.4  Verb mode for urls, etc.
)) (C:\Program Files\MiKTeX\tex/latex/glossaries/base\glossaries.sty
Package: glossaries 2026/04/21 v5.1 (NLCT)
 (C:\Program Files\MiKTeX\tex/latex/xkeyval\xkeyval.sty
Package: xkeyval 2022/06/16 v2.9 package option processing (HA)
 (C:\Program Files\MiKTeX\tex/generic/xkeyval\xkeyval.tex (C:\Program Files\MiKTeX\tex/generic/xkeyval\xkvutils.tex
\XKV@toks=\toks44
\XKV@tempa@toks=\toks45
)
\XKV@depth=\count324
File: xkeyval.tex 2014/12/03 v2.7a key=value parser (HA)
)) (C:\Program Files\MiKTeX\tex/latex/mfirstuc\mfirstuc.sty
Package: mfirstuc 2025/04/03 v2.09 (NLCT)
 (C:\Program Files\MiKTeX\tex/latex/etoolbox\etoolbox.sty
Package: etoolbox 2025/10/02 v2.5m e-TeX tools for LaTeX (JAW)
\etb@tempcnta=\count325
)
\@glsmfirst=\toks46
\@glsmrest=\toks47
) (C:\Program Files\MiKTeX\tex/latex/xfor\xfor.sty
Package: xfor 2009/02/05 v1.05 (NLCT)
) (C:\Program Files\MiKTeX\tex/latex/datatool\datatool-base.sty
Package: datatool-base 2025/12/04 v3.4.3 (NLCT)
 (C:\Program Files\MiKTeX\tex/latex/tracklang\tracklang.sty
Package: tracklang 2026/05/24 v1.6.8 (NLCT) Track Languages
 (C:\Program Files\MiKTeX\tex/generic/tracklang\tracklang.tex))
\l__datatool_tmpa_int=\count326
\l__datatool_tmpb_int=\count327
\l__datatool_tmpc_int=\count328
\l__datatool_tmpd_int=\count329
\l__datatool_count_int=\count330
\l__datatool_tmp_datatype_int=\count331
\l__datatool_tmpa_dim=\dimen257
\l__datatool_tmpb_dim=\dimen258
 (C:\Program Files\MiKTeX\tex/latex/datatool\datatool-l3fp.def
File: datatool-l3fp.def 2025/12/04 v3.4.3 (NLCT)
)
\@dtl@toks=\toks48
\@dtl@tmpcount=\count332
\dtl@tmplength=\skip97
\l__datatool_measure_box=\box75
\dtl@sortresult=\count333
 (C:\Program Files\MiKTeX\tex/latex/datatool\datatool-utf8.ldf
File: datatool-utf8.ldf 2025/12/04 v3.4.3 (NLCT)
)
\@dtl@datatype=\count334
\c_datatool_unknown_int=\count335
\l__datatool_year_int=\count336
\l__datatool_month_int=\count337
\l__datatool_day_int=\count338
\l__datatool_hour_int=\count339
\l__datatool_minute_int=\count340
\l__datatool_second_int=\count341
\l__datatool_tzhour_int=\count342
\l__datatool_tzminute_int=\count343
\l__datatool_julian_int=\count344
\l__datatool_local_julian_int=\count345
\l__datatool_prefix_int=\count346
\l__datatool_suffix_int=\count347
\@dtl@foreach@level=\count348
\dtl@codeA=\count349
\dtl@codeB=\count350
)
\gls@level=\count351
\@gls@tmpb=\toks49
\gls@tmplen=\skip98
\l__glossaries_tmpa_dim=\dimen259
\l__glossaries_tmpb_dim=\dimen260
\glskeylisttok=\toks50
\glslabeltok=\toks51
\glsshorttok=\toks52
\glslongtok=\toks53
 (C:\Program Files\MiKTeX\tex/latex/glossaries/styles\glossary-hypernav.sty
Package: glossary-hypernav 2026/04/21 v5.1 (NLCT)
) (C:\Program Files\MiKTeX\tex/latex/glossaries/styles\glossary-list.sty
Package: glossary-list 2026/04/21 v5.1 (NLCT)
\glslistdottedwidth=\skip99
) (C:\Program Files\MiKTeX\tex/latex/glossaries/styles\glossary-long.sty
Package: glossary-long 2026/04/21 v5.1 (NLCT)
 (C:\Program Files\MiKTeX\tex/latex/tools\longtable.sty
Package: longtable 2026-01-28 v4.27 Multi-page Table package (DPC)
\LTleft=\skip100
\LTright=\skip101
\LTpre=\skip102
\LTpost=\skip103
\LTchunksize=\count352
\LTcapwidth=\dimen261
\LT@head=\box76
\LT@firsthead=\box77
\LT@foot=\box78
\LT@lastfoot=\box79
\LT@gbox=\box80
\LT@cols=\count353
\LT@rows=\count354
\c@LT@tables=\count355
\c@LT@chunks=\count356
\LT@p@ftn=\toks54
)
\glsdescwidth=\skip104
\glspagelistwidth=\skip105
) (C:\Program Files\MiKTeX\tex/latex/glossaries/styles\glossary-super.sty
Package: glossary-super 2026/04/21 v5.1 (NLCT)
 (C:\Program Files\MiKTeX\tex/latex/supertabular\supertabular.sty
Package: supertabular 2025/06/26 v4.2d the supertabular environment
\c@tracingst=\count357
\ST@wd=\dimen262
\ST@rightskip=\skip106
\ST@leftskip=\skip107
\ST@parfillskip=\skip108
\ST@pageleft=\dimen263
\ST@headht=\dimen264
\ST@tailht=\dimen265
\ST@pagesofar=\dimen266
\ST@pboxht=\dimen267
\ST@rowht=\dimen268
\ST@prevht=\dimen269
\ST@toadd=\dimen270
\ST@dimen=\dimen271
\ST@pbox=\box81
)) (C:\Program Files\MiKTeX\tex/latex/glossaries/styles\glossary-tree.sty
Package: glossary-tree 2026/04/21 v5.1 (NLCT)
\l__glossaries_tree_max_known_level_int=\count358
\l__glossaries_tree_offset_dim=\dimen272
\l__glossaries_tree_namewidth_dim=\dimen273
\l__glossaries_tree_symbolwidth_dim=\dimen274
\l__glossaries_tree_prenamesym_width_dim=\dimen275
\l__glossaries_tree_presubnamesym_width_dim=\dimen276
\l__glossaries_tree_namewidth_padding_dim=\dimen277
\l__glossaries_tree_symbolwidth_padding_dim=\dimen278
\l__glossaries_tree_namesymbolwidth_dim=\dimen279
\l__glossaries_tree_namesymbolwidth_padding_dim=\dimen280
\l__glossaries_tree_level_int=\count359
\glstreeindent=\skip109
)) (C:\Program Files\MiKTeX\tex/latex/glossaries/styles\glossary-superragged.sty
Package: glossary-superragged 2026/04/21 v5.1 (NLCT)
) (C:\Program Files\MiKTeX\tex/latex/setspace\setspace.sty
Package: setspace 2022/12/04 v6.7b set line spacing
) (C:\Program Files\MiKTeX\tex/latex/parskip\parskip.sty
Package: parskip 2021-03-14 v2.0h non-zero parskip adjustments
 (C:\Program Files\MiKTeX\tex/latex/kvoptions\kvoptions.sty
Package: kvoptions 2022-06-15 v3.15 Key value format for package options (HO)
 (C:\Program Files\MiKTeX\tex/generic/ltxcmds\ltxcmds.sty
Package: ltxcmds 2023-12-04 v1.26 LaTeX kernel commands for general use (HO)
) (C:\Program Files\MiKTeX\tex/latex/kvsetkeys\kvsetkeys.sty
Package: kvsetkeys 2022-10-05 v1.19 Key value parser (HO)
))) (C:\Program Files\MiKTeX\tex/latex/koma-script\tocbasic.sty
Package: tocbasic 2026/02/02 v3.49.2 KOMA-Script package (handling toc-files)
\scr@dte@tocline@numberwidth=\skip110
\scr@dte@tocline@numbox=\box82
) (C:\Program Files\MiKTeX\tex/latex/blindtext\blindtext.sty
Package: blindtext 2012/01/06 V2.0 blindtext-Package
\c@blindtext=\count360
\c@Blindtext=\count361
\c@blind@countparstart=\count362
\blind@countxx=\count363
\blindtext@numBlindtext=\count364
\blind@countyy=\count365
\c@blindlist=\count366
\c@blindlistlevel=\count367
\c@blindlist@level=\count368
\blind@listitem=\count369
\c@blind@listcount=\count370
\c@blind@levelcount=\count371
\blind@mathformula=\count372
\blind@Mathformula=\count373
\c@blind@randomcount=\count374
\c@blind@randommax=\count375
\c@blind@pangramcount=\count376
\c@blind@pangrammax=\count377
) (C:\Program Files\MiKTeX\tex/latex/biblatex\biblatex.sty
Package: biblatex 2025/07/10 v3.21 programmable bibliographies (PK/MW)
 (C:\Program Files\MiKTeX\tex/generic/pdftexcmds\pdftexcmds.sty
Package: pdftexcmds 2020-06-27 v0.33 Utility functions of pdfTeX for LuaTeX (HO)
 (C:\Program Files\MiKTeX\tex/generic/infwarerr\infwarerr.sty
Package: infwarerr 2019/12/03 v1.5 Providing info/warning/error messages (HO)
)
Package pdftexcmds Info: \pdf@primitive is available.
Package pdftexcmds Info: \pdf@ifprimitive is available.
Package pdftexcmds Info: \pdfdraftmode found.
) (C:\Program Files\MiKTeX\tex/latex/logreq\logreq.sty
Package: logreq 2010/08/04 v1.0 xml request logger
\lrq@indent=\count378
 (C:\Program Files\MiKTeX\tex/latex/logreq\logreq.def
File: logreq.def 2010/08/04 v1.0 logreq spec v1.0
))
\c@tabx@nest=\count379
\c@listtotal=\count380
\c@listcount=\count381
\c@liststart=\count382
\c@liststop=\count383
\c@citecount=\count384
\c@citetotal=\count385
\c@multicitecount=\count386
\c@multicitetotal=\count387
\c@instcount=\count388
\c@maxnames=\count389
\c@minnames=\count390
\c@maxitems=\count391
\c@minitems=\count392
\c@citecounter=\count393
\c@maxcitecounter=\count394
\c@savedcitecounter=\count395
\c@uniquelist=\count396
\c@uniquename=\count397
\c@refsection=\count398
\c@refsegment=\count399
\c@maxextratitle=\count400
\c@maxextratitleyear=\count401
\c@maxextraname=\count402
\c@maxextradate=\count403
\c@maxextraalpha=\count404
\c@abbrvpenalty=\count405
\c@highnamepenalty=\count406
\c@lownamepenalty=\count407
\c@maxparens=\count408
\c@parenlevel=\count409
\blx@tempcnta=\count410
\blx@tempcntb=\count411
\blx@tempcntc=\count412
\c@blx@maxsection=\count413
\blx@maxsegment@0=\count414
\blx@notetype=\count415
\blx@parenlevel@text=\count416
\blx@parenlevel@foot=\count417
\blx@sectionciteorder@0=\count418
\blx@sectionciteorderinternal@0=\count419
\blx@entrysetcounter=\count420
\blx@biblioinstance=\count421
\labelnumberwidth=\skip111
\labelalphawidth=\skip112
\biblabelsep=\skip113
\bibitemsep=\skip114
\bibnamesep=\skip115
\bibinitsep=\skip116
\bibparsep=\skip117
\bibhang=\skip118
\blx@bcfin=\read3
\blx@bcfout=\write4
\blx@langwohyphens=\language79
\c@mincomprange=\count422
\c@maxcomprange=\count423
\c@mincompwidth=\count424
Package biblatex Info: Trying to load biblatex default data model...
Package biblatex Info: ... file 'blx-dm.def' found.
 (C:\Program Files\MiKTeX\tex/latex/biblatex\blx-dm.def
File: blx-dm.def 2025/07/10 v3.21 biblatex datamodel (PK/MW)
)
Package biblatex Info: Trying to load biblatex style data model...
Package biblatex Info: ... file 'ieee.dbx' not found.
Package biblatex Info: Trying to load biblatex custom data model...
Package biblatex Info: ... file 'biblatex-dm.cfg' not found.
\c@afterword=\count425
\c@savedafterword=\count426
\c@annotator=\count427
\c@savedannotator=\count428
\c@author=\count429
\c@savedauthor=\count430
\c@bookauthor=\count431
\c@savedbookauthor=\count432
\c@commentator=\count433
\c@savedcommentator=\count434
\c@editor=\count435
\c@savededitor=\count436
\c@editora=\count437
\c@savededitora=\count438
\c@editorb=\count439
\c@savededitorb=\count440
\c@editorc=\count441
\c@savededitorc=\count442
\c@foreword=\count443
\c@savedforeword=\count444
\c@holder=\count445
\c@savedholder=\count446
\c@introduction=\count447
\c@savedintroduction=\count448
\c@namea=\count449
\c@savednamea=\count450
\c@nameb=\count451
\c@savednameb=\count452
\c@namec=\count453
\c@savednamec=\count454
\c@translator=\count455
\c@savedtranslator=\count456
\c@shortauthor=\count457
\c@savedshortauthor=\count458
\c@shorteditor=\count459
\c@savedshorteditor=\count460
\c@labelname=\count461
\c@savedlabelname=\count462
\c@institution=\count463
\c@savedinstitution=\count464
\c@lista=\count465
\c@savedlista=\count466
\c@listb=\count467
\c@savedlistb=\count468
\c@listc=\count469
\c@savedlistc=\count470
\c@listd=\count471
\c@savedlistd=\count472
\c@liste=\count473
\c@savedliste=\count474
\c@listf=\count475
\c@savedlistf=\count476
\c@location=\count477
\c@savedlocation=\count478
\c@organization=\count479
\c@savedorganization=\count480
\c@origlocation=\count481
\c@savedoriglocation=\count482
\c@origpublisher=\count483
\c@savedorigpublisher=\count484
\c@publisher=\count485
\c@savedpublisher=\count486
\c@language=\count487
\c@savedlanguage=\count488
\c@origlanguage=\count489
\c@savedoriglanguage=\count490
\c@pageref=\count491
\c@savedpageref=\count492
\shorthandwidth=\skip119
\shortjournalwidth=\skip120
\shortserieswidth=\skip121
\shorttitlewidth=\skip122
\shortauthorwidth=\skip123
\shorteditorwidth=\skip124
\locallabelnumberwidth=\skip125
\locallabelalphawidth=\skip126
\localshorthandwidth=\skip127
\localshortjournalwidth=\skip128
\localshortserieswidth=\skip129
\localshorttitlewidth=\skip130
\localshortauthorwidth=\skip131
\localshorteditorwidth=\skip132
Package biblatex Info: Trying to load compatibility code...
Package biblatex Info: ... file 'blx-compat.def' found.
 (C:\Program Files\MiKTeX\tex/latex/biblatex\blx-compat.def
File: blx-compat.def 2025/07/10 v3.21 biblatex compatibility (PK/MW)
)
Package biblatex Info: Trying to load BibTeX backend compatibility...
Package biblatex Info: ... file 'blx-bibtex.def' found.
 (C:\Program Files\MiKTeX\tex/latex/biblatex\blx-bibtex.def
File: blx-bibtex.def 2025/07/10 v3.21 biblatex compatibility (PK/MW)


Package biblatex Warning: Using fall-back bibtex backend:
(biblatex)                functionality may be reduced/unavailable.

)
Package biblatex Info: Trying to load generic definitions...
Package biblatex Info: ... file 'biblatex.def' found.
 (C:\Program Files\MiKTeX\tex/latex/biblatex\biblatex.def
File: biblatex.def 2025/07/10 v3.21 biblatex compatibility (PK/MW)
\c@textcitecount=\count493
\c@textcitetotal=\count494
\c@textcitemaxnames=\count495
\c@biburlbigbreakpenalty=\count496
\c@biburlbreakpenalty=\count497
\c@biburlnumpenalty=\count498
\c@biburlucpenalty=\count499
\c@biburllcpenalty=\count500
\biburlbigskip=\muskip19
\biburlnumskip=\muskip20
\biburlucskip=\muskip21
\biburllcskip=\muskip22
\c@smartand=\count501
)
Package biblatex Info: Trying to load bibliography style 'ieee'...
Package biblatex Info: ... file 'ieee.bbx' found.
 (C:\Program Files\MiKTeX\tex/latex/biblatex-ieee\ieee.bbx
File: ieee.bbx 2025-08-01 v1.4f biblatex bibliography style
Package biblatex Info: Trying to load bibliography style 'numeric-comp'...
Package biblatex Info: ... file 'numeric-comp.bbx' found.
 (C:\Program Files\MiKTeX\tex/latex/biblatex/bbx\numeric-comp.bbx
File: numeric-comp.bbx 2025/07/10 v3.21 biblatex bibliography style (PK/MW)
Package biblatex Info: Trying to load bibliography style 'numeric'...
Package biblatex Info: ... file 'numeric.bbx' found.
 (C:\Program Files\MiKTeX\tex/latex/biblatex/bbx\numeric.bbx
File: numeric.bbx 2025/07/10 v3.21 biblatex bibliography style (PK/MW)
Package biblatex Info: Trying to load bibliography style 'standard'...
Package biblatex Info: ... file 'standard.bbx' found.
 (C:\Program Files\MiKTeX\tex/latex/biblatex/bbx\standard.bbx
File: standard.bbx 2025/07/10 v3.21 biblatex bibliography style (PK/MW)
\c@bbx:relatedcount=\count502
\c@bbx:relatedtotal=\count503
))))
Package biblatex Info: Trying to load citation style 'ieee'...
Package biblatex Info: ... file 'ieee.cbx' found.
 (C:\Program Files\MiKTeX\tex/latex/biblatex-ieee\ieee.cbx
File: ieee.cbx 2025-08-01 v1.4f biblatex citation style
Package biblatex Info: Trying to load citation style 'numeric-verb'...
Package biblatex Info: ... file 'numeric-verb.cbx' found.
 (C:\Program Files\MiKTeX\tex/latex/biblatex/cbx\numeric-verb.cbx
File: numeric-verb.cbx 2025/07/10 v3.21 biblatex citation style (PK/MW)
Package biblatex Info: Redefining '\cite'.
Package biblatex Info: Redefining '\parencite'.
Package biblatex Info: Redefining '\footcite'.
Package biblatex Info: Redefining '\footcitetext'.
Package biblatex Info: Redefining '\smartcite'.
Package biblatex Info: Redefining '\textcite'.
Package biblatex Info: Redefining '\supercite'.
Package biblatex Info: Redefining '\parencites'.
Package biblatex Info: Redefining '\smartcites'.
Package biblatex Info: Redefining '\textcites'.
))
Package biblatex Info: Trying to load configuration file...
Package biblatex Info: ... file 'biblatex.cfg' found.
 (C:\Program Files\MiKTeX\tex/latex/biblatex\biblatex.cfg
File: biblatex.cfg 
)
Package biblatex Info: Input encoding 'utf8' detected.
Package biblatex Info: Document encoding is UTF8 ....
 (C:\Program Files\MiKTeX\tex/latex/l3kernel\expl3.sty
Package: expl3 2026-05-26 L3 programming layer (loader) 
 (C:\Program Files\MiKTeX\tex/latex/l3backend\l3backend-pdftex.def
File: l3backend-pdftex.def 2026-02-18 L3 backend support: PDF output (pdfTeX)
\l__color_backend_stack_int=\count504
))
Package biblatex Info: ... and expl3
(biblatex)             2026-05-26 L3 programming layer (loader) 
(biblatex)             is new enough (at least 2020/04/06),
(biblatex)             setting 'casechanger=expl3'.
 (C:\Program Files\MiKTeX\tex/latex/biblatex\blx-case-expl3.sty (C:\Program Files\MiKTeX\tex/latex/l3packages/xparse\xparse.sty
Package: xparse 2025-10-09 L3 Experimental document command parser
)
Package: blx-case-expl3 2025/07/10 v3.21 expl3 case changing code for biblatex
))

LaTeX Warning: \include should only be used after \begin{document} on input line 62.

No file lstlisting.
(C:\Program Files\MiKTeX\tex/latex/hyperref\hyperref.sty
Package: hyperref 2026-04-24 v7.01q Hypertext links for LaTeX
 (C:\Program Files\MiKTeX\tex/generic/kvdefinekeys\kvdefinekeys.sty
Package: kvdefinekeys 2019-12-19 v1.6 Define keys (HO)
) (C:\Program Files\MiKTeX\tex/generic/pdfescape\pdfescape.sty
Package: pdfescape 2019/12/09 v1.15 Implements pdfTeX's escape features (HO)
) (C:\Program Files\MiKTeX\tex/latex/hycolor\hycolor.sty
Package: hycolor 2020-01-27 v1.10 Color options for hyperref/bookmark (HO)
) (C:\Program Files\MiKTeX\tex/latex/hyperref\nameref.sty
Package: nameref 2026-01-29 v2.58 Cross-referencing by name of section
 (C:\Program Files\MiKTeX\tex/latex/refcount\refcount.sty
Package: refcount 2019/12/15 v3.6 Data extraction from label references (HO)
) (C:\Program Files\MiKTeX\tex/generic/gettitlestring\gettitlestring.sty
Package: gettitlestring 2019/12/15 v1.6 Cleanup title references (HO)
)
\c@section@level=\count505
) (C:\Program Files\MiKTeX\tex/generic/stringenc\stringenc.sty
Package: stringenc 2019/11/29 v1.12 Convert strings between diff. encodings (HO)
)
\@linkdim=\dimen281
\Hy@linkcounter=\count506
\Hy@pagecounter=\count507
 (C:\Program Files\MiKTeX\tex/latex/hyperref\pd1enc.def
File: pd1enc.def 2026-04-24 v7.01q Hyperref: PDFDocEncoding definition (HO)
Now handling font encoding PD1 ...
... no UTF-8 mapping file for font encoding PD1
) (C:\Program Files\MiKTeX\tex/generic/intcalc\intcalc.sty
Package: intcalc 2019/12/15 v1.3 Expandable calculations with integers (HO)
)
\Hy@SavedSpaceFactor=\count508
 (C:\Program Files\MiKTeX\tex/latex/hyperref\puenc.def
File: puenc.def 2026-04-24 v7.01q Hyperref: PDF Unicode definition (HO)
Now handling font encoding PU ...
... no UTF-8 mapping file for font encoding PU
)
Package hyperref Info: Hyper figures OFF on input line 4199.
Package hyperref Info: Link nesting OFF on input line 4204.
Package hyperref Info: Hyper index ON on input line 4207.
Package hyperref Info: Plain pages OFF on input line 4214.
Package hyperref Info: Backreferencing OFF on input line 4219.
Package hyperref Info: Implicit mode ON; LaTeX internals redefined.
Package hyperref Info: Bookmarks ON on input line 4466.
\c@Hy@tempcnt=\count509
LaTeX Info: Redefining \url on input line 4805.
\XeTeXLinkMargin=\dimen282
 (C:\Program Files\MiKTeX\tex/generic/bitset\bitset.sty
Package: bitset 2019/12/09 v1.3 Handle bit-vector datatype (HO)
 (C:\Program Files\MiKTeX\tex/generic/bigintcalc\bigintcalc.sty
Package: bigintcalc 2019/12/15 v1.5 Expandable calculations on big integers (HO)
))
\Fld@menulength=\count510
\Field@Width=\dimen283
\Fld@charsize=\dimen284
Package hyperref Info: Hyper figures OFF on input line 6091.
Package hyperref Info: Link nesting OFF on input line 6096.
Package hyperref Info: Hyper index ON on input line 6099.
Package hyperref Info: backreferencing OFF on input line 6106.
Package hyperref Info: Link coloring OFF on input line 6111.
Package hyperref Info: Link coloring with OCG OFF on input line 6116.
Package hyperref Info: PDF/A mode OFF on input line 6121.
\Hy@abspage=\count511
\c@Item=\count512
\c@Hfootnote=\count513
)
Package hyperref Info: Driver (autodetected): hpdftex.
 (C:\Program Files\MiKTeX\tex/latex/hyperref\hpdftex.def
File: hpdftex.def 2026-04-24 v7.01q Hyperref driver for pdfTeX
\Fld@listcount=\count514
\c@bookmark@seq@number=\count515
 (C:\Program Files\MiKTeX\tex/latex/rerunfilecheck\rerunfilecheck.sty
Package: rerunfilecheck 2025-06-21 v1.11 Rerun checks for auxiliary files (HO)
 (C:\Program Files\MiKTeX\tex/generic/uniquecounter\uniquecounter.sty
Package: uniquecounter 2019/12/15 v1.4 Provide unlimited unique counter (HO)
)
Package uniquecounter Info: New unique counter `rerunfilecheck' on input line 284.
)
\Hy@SectionHShift=\skip133
) (C:\Program Files\MiKTeX\tex/latex/hypcap\hypcap.sty
Package: hypcap 2024-07-26 v1.13 Adjusting the anchors of captions (HO)
 (C:\Program Files\MiKTeX\tex/latex/letltxmacro\letltxmacro.sty
Package: letltxmacro 2019/12/03 v1.6 Let assignment for LaTeX macros (HO)
))
\c@example=\count516
)) (C:\Program Files\MiKTeX\tex/latex/booktabs\booktabs.sty
Package: booktabs 2020/01/12 v1.61803398 Publication quality tables
\heavyrulewidth=\dimen285
\lightrulewidth=\dimen286
\cmidrulewidth=\dimen287
\belowrulesep=\dimen288
\belowbottomsep=\dimen289
\aboverulesep=\dimen290
\abovetopsep=\dimen291
\cmidrulesep=\dimen292
\cmidrulekern=\dimen293
\defaultaddspace=\dimen294
\@cmidla=\count517
\@cmidlb=\count518
\@aboverulesep=\dimen295
\@belowrulesep=\dimen296
\@thisruleclass=\count519
\@lastruleclass=\count520
\@thisrulewidth=\dimen297
)
\@quotelevel=\count521
\@quotereset=\count522
LaTeX Font Info:    Trying to load font information for T5+ptm on input line 5.
 (C:\Program Files\MiKTeX\tex/latex/vntex\t5ptm.fd
File: t5utm.fd 2005/08/24 Fontinst v1.929 font definitions for T5/ptm.
)

LaTeX Warning: Unused global option(s):
    [13pt,3p].

(d:\Project 3\Report\Chuong\4_Ket_qua_thuc_nghiem.aux)
\openout1 = `4_Ket_qua_thuc_nghiem.aux'.

LaTeX Font Info:    Checking defaults for OML/cmm/m/it on input line 5.
LaTeX Font Info:    ... okay on input line 5.
LaTeX Font Info:    Checking defaults for OMS/cmsy/m/n on input line 5.
LaTeX Font Info:    ... okay on input line 5.
LaTeX Font Info:    Checking defaults for OT1/cmr/m/n on input line 5.
LaTeX Font Info:    ... okay on input line 5.
LaTeX Font Info:    Checking defaults for T1/cmr/m/n on input line 5.
LaTeX Font Info:    ... okay on input line 5.
LaTeX Font Info:    Checking defaults for TS1/cmr/m/n on input line 5.
LaTeX Font Info:    ... okay on input line 5.
LaTeX Font Info:    Checking defaults for OMX/cmex/m/n on input line 5.
LaTeX Font Info:    ... okay on input line 5.
LaTeX Font Info:    Checking defaults for U/cmr/m/n on input line 5.
LaTeX Font Info:    ... okay on input line 5.
LaTeX Font Info:    Checking defaults for T5/cmr/m/n on input line 5.
LaTeX Font Info:    ... okay on input line 5.
LaTeX Font Info:    Checking defaults for PD1/pdf/m/n on input line 5.
LaTeX Font Info:    ... okay on input line 5.
LaTeX Font Info:    Checking defaults for PU/pdf/m/n on input line 5.
LaTeX Font Info:    ... okay on input line 5.

*geometry* driver: auto-detecting
*geometry* detected driver: pdftex
*geometry* verbose mode - [ preamble ] result:
* driver: pdftex
* paper: a4paper
* layout: <same size as paper>
* layoutoffset:(h,v)=(0.0pt,0.0pt)
* modes: twoside 
* h-part:(L,W,R)=(99.58464pt, 426.79135pt, 71.13188pt)
* v-part:(T,H,B)=(56.9055pt, 731.23584pt, 56.9055pt)
* \paperwidth=597.50787pt
* \paperheight=845.04684pt
* \textwidth=426.79135pt
* \textheight=731.23584pt
* \oddsidemargin=27.31465pt
* \evensidemargin=-1.1381pt
* \topmargin=-52.36449pt
* \headheight=10.0pt
* \headsep=25.0pt
* \topskip=10.0pt
* \footskip=30.0pt
* \marginparwidth=111.0pt
* \marginparsep=11.0pt
* \columnsep=10.0pt
* \skip\footins=11.69997pt plus 5.19942pt minus 2.60054pt
* \hoffset=0.0pt
* \voffset=0.0pt
* \mag=1000
* \@twocolumnfalse
* \@twosidetrue
* \@mparswitchtrue
* \@reversemarginfalse
* (1in=72.27pt=25.4mm, 1cm=28.453pt)

(C:\Program Files\MiKTeX\tex/context/base/mkii\supp-pdf.mkii
[Loading MPS to PDF converter (version 2006.09.02).]
\scratchcounter=\count523
\scratchdimen=\dimen298
\scratchbox=\box83
\nofMPsegments=\count524
\nofMParguments=\count525
\everyMPshowfont=\toks55
\MPscratchCnt=\count526
\MPscratchDim=\dimen299
\MPnumerator=\count527
\makeMPintoPDFobject=\count528
\everyMPtoPDFconversion=\toks56
) (C:\Program Files\MiKTeX\tex/latex/epstopdf-pkg\epstopdf-base.sty
Package: epstopdf-base 2020-01-24 v2.11 Base part for package epstopdf
Package epstopdf-base Info: Redefining graphics rule for `.eps' on input line 485.
 (C:\Program Files\MiKTeX\tex/latex/00miktex\epstopdf-sys.cfg
File: epstopdf-sys.cfg 2021/03/18 v2.0 Configuration of epstopdf for MiKTeX
))
Package caption Info: Begin \AtBeginDocument code.
Package caption Info: float package is loaded.
Package caption Info: hyperref package is loaded.
Package caption Info: hypcap package is loaded.
Package caption Info: listings package is loaded.
Package caption Info: longtable package is loaded.
 (C:\Program Files\MiKTeX\tex/latex/caption\ltcaption.sty
Package: ltcaption 2021/01/08 v1.4c longtable captions (AR)
)
Package caption Info: supertabular package is loaded.
Package caption Info: End \AtBeginDocument code.
\c@lstlisting=\count529
Package tocbasic Info: omitting babel extension for `lol'
(tocbasic)             because of missing \bbl@set@language on input line 5.
Package biblatex Info: Trying to load language 'english'...
Package biblatex Info: ... file 'english.lbx' found.
 (C:\Program Files\MiKTeX\tex/latex/biblatex/lbx\english.lbx
File: english.lbx 2025/07/10 v3.21 biblatex localization (PK/MW)
)
Package biblatex Info: Input encoding 'utf8' detected.
Package biblatex Info: Automatic encoding selection.
(biblatex)             Assuming data encoding 'utf8'.
Package biblatex Info: Input encoding 'utf8' detected.
Package biblatex Info: Data encoding 'utf8' specified.
(biblatex)             No need to reencode data.
\openout4 = `4_Ket_qua_thuc_nghiem-blx.bib'.

Package biblatex Info: Trying to load bibliographic data...
Package biblatex Info: ... file '4_Ket_qua_thuc_nghiem.bbl' found.
 (d:\Project 3\Report\Chuong\4_Ket_qua_thuc_nghiem.bbl)
Package biblatex Info: Reference section=0 on input line 5.
Package biblatex Info: Reference segment=0 on input line 5.
Package hyperref Info: Link coloring OFF on input line 5.
 (d:\Project 3\Report\Chuong\4_Ket_qua_thuc_nghiem.out) (d:\Project 3\Report\Chuong\4_Ket_qua_thuc_nghiem.out)
\@outlinefile=\write5
\openout5 = `4_Ket_qua_thuc_nghiem.out'.


Underfull \vbox (badness 10000) has occurred while \output is active []

 [1

{C:/Users/Admin/AppData/Local/MiKTeX/fonts/map/pdftex/pdftex.map}{C:/Program Files/MiKTeX/fonts/enc/dvips/vntex/t5.enc}]
<Hinhve/Package_tong_quan2.png, id=107, 1219.55624pt x 325.215pt>
File: Hinhve/Package_tong_quan2.png Graphic file (type png)
<use Hinhve/Package_tong_quan2.png>
Package pdftex.def Info: Hinhve/Package_tong_quan2.png  used on input line 37.
(pdftex.def)             Requested size: 405.45047pt x 108.12022pt.

Underfull \vbox (badness 10000) has occurred while \output is active []

 [2 <./Hinhve/Package_tong_quan2.png>]
Underfull \vbox (badness 10000) has occurred while \output is active []

 [3]
<Hinhve/package_chi_tiet1.png, id=120, 2127.95pt x 1035.87pt>
File: Hinhve/package_chi_tiet1.png Graphic file (type png)
<use Hinhve/package_chi_tiet1.png>
Package pdftex.def Info: Hinhve/package_chi_tiet1.png  used on input line 65.
(pdftex.def)             Requested size: 426.79135pt x 207.75514pt.

Underfull \vbox (badness 3482) has occurred while \output is active []

 [4 <./Hinhve/package_chi_tiet1.png>]
Underfull \vbox (badness 10000) has occurred while \output is active []

 [5]
LaTeX Font Info:    Calculating math sizes for size <13> on input line 94.


LaTeX Font Warning: Font shape `OT1/cmr/m/n' in size <6.5> not available
(Font)              size <6> substituted on input line 94.


LaTeX Font Warning: Font shape `OML/cmm/m/it' in size <13> not available
(Font)              size <12> substituted on input line 94.


LaTeX Font Warning: Font shape `OML/cmm/m/it' in size <6.5> not available
(Font)              size <6> substituted on input line 94.


LaTeX Font Warning: Font shape `OMS/cmsy/m/n' in size <13> not available
(Font)              size <12> substituted on input line 94.


LaTeX Font Warning: Font shape `OMS/cmsy/m/n' in size <6.5> not available
(Font)              size <6> substituted on input line 94.

LaTeX Font Info:    Trying to load font information for U+lasy on input line 94.
(C:\Program Files\MiKTeX\tex/latex/base\ulasy.fd
File: ulasy.fd 1998/08/17 v2.2e LaTeX symbol font definitions
)

LaTeX Font Warning: Font shape `U/lasy/m/n' in size <13> not available
(Font)              size <12> substituted on input line 94.


LaTeX Font Warning: Font shape `U/lasy/m/n' in size <6.5> not available
(Font)              size <6> substituted on input line 94.

LaTeX Font Info:    Trying to load font information for U+msa on input line 94.
(C:\Program Files\MiKTeX\tex/latex/amsfonts\umsa.fd
File: umsa.fd 2013/01/14 v3.01 AMS symbols A
)
LaTeX Font Info:    Trying to load font information for U+msb on input line 94.
 (C:\Program Files\MiKTeX\tex/latex/amsfonts\umsb.fd
File: umsb.fd 2013/01/14 v3.01 AMS symbols B
)
Underfull \vbox (badness 10000) has occurred while \output is active []

 [6]
Underfull \vbox (badness 10000) has occurred while \output is active []

 [7]
<Hinhve/Appbar_mockup.png, id=149, 513.117pt x 103.88812pt>
File: Hinhve/Appbar_mockup.png Graphic file (type png)
<use Hinhve/Appbar_mockup.png>
Package pdftex.def Info: Hinhve/Appbar_mockup.png  used on input line 115.
(pdftex.def)             Requested size: 320.0935pt x 64.80943pt.
<Hinhve/home_mockup.png, id=152, 298.11375pt x 514.92375pt>
File: Hinhve/home_mockup.png Graphic file (type png)
<use Hinhve/home_mockup.png>
Package pdftex.def Info: Hinhve/home_mockup.png  used on input line 130.
(pdftex.def)             Requested size: 213.39568pt x 368.59196pt.

Underfull \vbox (badness 10000) has occurred while \output is active []

 [8 <./Hinhve/Appbar_mockup.png>]
<Hinhve/thiet_ke_chi_tiet_thiet_bi.png, id=161, 298.11375pt x 514.92375pt>
File: Hinhve/thiet_ke_chi_tiet_thiet_bi.png Graphic file (type png)
<use Hinhve/thiet_ke_chi_tiet_thiet_bi.png>
Package pdftex.def Info: Hinhve/thiet_ke_chi_tiet_thiet_bi.png  used on input line 143.
(pdftex.def)             Requested size: 213.39568pt x 368.59196pt.

Underfull \vbox (badness 10000) has occurred while \output is active []

 [9 <./Hinhve/home_mockup.png>]
<Hinhve/thiet_ke_canh_bao.png, id=170, 298.11375pt x 514.92375pt>
File: Hinhve/thiet_ke_canh_bao.png Graphic file (type png)
<use Hinhve/thiet_ke_canh_bao.png>
Package pdftex.def Info: Hinhve/thiet_ke_canh_bao.png  used on input line 156.
(pdftex.def)             Requested size: 213.39568pt x 368.59196pt.

Underfull \vbox (badness 10000) has occurred while \output is active []

 [10 <./Hinhve/thiet_ke_chi_tiet_thiet_bi.png>]
<Hinhve/class_userservice.png, id=178, 173.64874pt x 234.8775pt>
File: Hinhve/class_userservice.png Graphic file (type png)
<use Hinhve/class_userservice.png>
Package pdftex.def Info: Hinhve/class_userservice.png  used on input line 169.
(pdftex.def)             Requested size: 149.37958pt x 202.0588pt.

Underfull \vbox (badness 10000) has occurred while \output is active []

 [11 <./Hinhve/thiet_ke_canh_bao.png>]
<Hinhve/class_deviceService.png, id=185, 221.82875pt x 268.00125pt>
File: Hinhve/class_deviceService.png Graphic file (type png)
<use Hinhve/class_deviceService.png>
Package pdftex.def Info: Hinhve/class_deviceService.png  used on input line 186.
(pdftex.def)             Requested size: 149.37958pt x 180.47182pt.

Underfull \vbox (badness 10000) has occurred while \output is active []

 [12 <./Hinhve/class_userservice.png>]
<Hinhve/class_sensorDataService.png, id=193, 221.82875pt x 218.8175pt>
File: Hinhve/class_sensorDataService.png Graphic file (type png)
<use Hinhve/class_sensorDataService.png>
Package pdftex.def Info: Hinhve/class_sensorDataService.png  used on input line 203.
(pdftex.def)             Requested size: 149.37958pt x 147.35152pt.

Underfull \vbox (badness 10000) has occurred while \output is active []

 [13 <./Hinhve/class_deviceService.png>]
<Hinhve/class_mqttService.png, id=202, 229.85875pt x 185.69376pt>
File: Hinhve/class_mqttService.png Graphic file (type png)
<use Hinhve/class_mqttService.png>
Package pdftex.def Info: Hinhve/class_mqttService.png  used on input line 219.
(pdftex.def)             Requested size: 149.37958pt x 120.68533pt.

Underfull \vbox (badness 10000) has occurred while \output is active []

 [14 <./Hinhve/class_sensorDataService.png>]
<Hinhve/sq_guicanhbao.png, id=210, 1012.78375pt x 836.12375pt>
File: Hinhve/sq_guicanhbao.png Graphic file (type png)
<use Hinhve/sq_guicanhbao.png>
Package pdftex.def Info: Hinhve/sq_guicanhbao.png  used on input line 237.
(pdftex.def)             Requested size: 426.79135pt x 352.34334pt.

Underfull \vbox (badness 10000) has occurred while \output is active []

 [15 <./Hinhve/class_mqttService.png>] [16 <./Hinhve/sq_guicanhbao.png>]
<Hinhve/ERD2.png, id=224, 703.62875pt x 814.04124pt>
File: Hinhve/ERD2.png Graphic file (type png)
<use Hinhve/ERD2.png>
Package pdftex.def Info: Hinhve/ERD2.png  used on input line 256.
(pdftex.def)             Requested size: 426.79135pt x 493.75723pt.

Underfull \vbox (badness 10000) has occurred while \output is active []

 [17 <./Hinhve/ERD2.png>]
Underfull \vbox (badness 10000) has occurred while \output is active []

 [18] [19]
LaTeX Font Info:    Calculating math sizes for size <11.86258> on input line 320.

Underfull \hbox (badness 4024) in paragraph at lines 322--322
[]|\T5/ptm/b/n/11.86258 Cćng cö / Th÷
 []


Underfull \hbox (badness 10000) in paragraph at lines 324--324
[]|\T5/ptm/m/n/11.86258 So¤n thŁo m˘
 []

LaTeX Font Info:    Trying to load font information for T5+pcr on input line 324.
(C:\Program Files\MiKTeX\tex/latex/vntex\t5pcr.fd
File: t5ucr.fd 2005/08/24 Fontinst v1.929 font definitions for T5/pcr.
)
Underfull \hbox (badness 10000) in paragraph at lines 326--326
[]|\T5/ptm/m/n/11.86258 Phˇt trişn ůng
 []


Underfull \hbox (badness 10000) in paragraph at lines 328--328
[]|\T5/ptm/m/n/11.86258 Phˇt trişn ůng
 []


Underfull \hbox (badness 10000) in paragraph at lines 330--330
[]|\T5/ptm/m/n/11.86258 Ngćn ngú lŞp
 []


Underfull \hbox (badness 10000) in paragraph at lines 332--332
[]|\T5/ptm/m/n/11.86258 Phˇt trişn mˇy
 []


Underfull \hbox (badness 10000) in paragraph at lines 342--342
[]|\T5/ptm/m/n/11.86258 Phˇt trişn
 []


Underfull \hbox (badness 10000) in paragraph at lines 344--344
[]|\T5/ptm/m/n/11.86258 Arduino ESP32
 []


Underfull \hbox (badness 10000) in paragraph at lines 346--346
[]|\T5/ptm/m/n/11.86258 Xű lţ dú li»u
 []


Underfull \hbox (badness 10000) in paragraph at lines 354--354
[]|\T5/ptm/m/n/11.86258 Gűi thćng bˇo
 []


Underfull \hbox (badness 10000) in paragraph at lines 354--354
[]|\T5/ptm/m/n/11.86258 Firebase Cloud
 []


Underfull \vbox (badness 10000) has occurred while \output is active []

 [20] [21]
Overfull \hbox (11.18706pt too wide) in paragraph at lines 390--405
 [][] 
 []


Underfull \vbox (badness 10000) has occurred while \output is active []

 [22]
<Hinhve/home.png, id=289, 1084.05pt x 2409.0pt>
File: Hinhve/home.png Graphic file (type png)
<use Hinhve/home.png>
Package pdftex.def Info: Hinhve/home.png  used on input line 415.
(pdftex.def)             Requested size: 192.0548pt x 426.76425pt.
 [23 <./Hinhve/home.png>]
<Hinhve/canh_bao.png, id=300, 1084.05pt x 2409.0pt>
File: Hinhve/canh_bao.png Graphic file (type png)
<use Hinhve/canh_bao.png>
Package pdftex.def Info: Hinhve/canh_bao.png  used on input line 426.
(pdftex.def)             Requested size: 192.0548pt x 426.76425pt.
 [24 <./Hinhve/canh_bao.png>]
<Hinhve/chi_thiet_canh_bao.png, id=309, 1084.05pt x 2409.0pt>
File: Hinhve/chi_thiet_canh_bao.png Graphic file (type png)
<use Hinhve/chi_thiet_canh_bao.png>
Package pdftex.def Info: Hinhve/chi_thiet_canh_bao.png  used on input line 437.
(pdftex.def)             Requested size: 192.0548pt x 426.76425pt.
 [25 <./Hinhve/chi_thiet_canh_bao.png>]
<Hinhve/device.png, id=319, 1084.05pt x 2409.0pt>
File: Hinhve/device.png Graphic file (type png)
<use Hinhve/device.png>
Package pdftex.def Info: Hinhve/device.png  used on input line 449.
(pdftex.def)             Requested size: 192.0548pt x 426.76425pt.
 [26 <./Hinhve/device.png>]
<Hinhve/chi_tiet_thiet_bi.png, id=328, 1084.05pt x 2409.0pt>
File: Hinhve/chi_tiet_thiet_bi.png Graphic file (type png)
<use Hinhve/chi_tiet_thiet_bi.png>
Package pdftex.def Info: Hinhve/chi_tiet_thiet_bi.png  used on input line 460.
(pdftex.def)             Requested size: 192.0548pt x 426.76425pt.
 [27 <./Hinhve/chi_tiet_thiet_bi.png>]
<Hinhve/kich_hoat_thiet_bi.png, id=337, 1084.05pt x 2409.0pt>
File: Hinhve/kich_hoat_thiet_bi.png Graphic file (type png)
<use Hinhve/kich_hoat_thiet_bi.png>
Package pdftex.def Info: Hinhve/kich_hoat_thiet_bi.png  used on input line 471.
(pdftex.def)             Requested size: 192.0548pt x 426.76425pt.
 [28 <./Hinhve/kich_hoat_thiet_bi.png>]
<Hinhve/tai_khoan.png, id=346, 1084.05pt x 2409.0pt>
File: Hinhve/tai_khoan.png Graphic file (type png)
<use Hinhve/tai_khoan.png>
Package pdftex.def Info: Hinhve/tai_khoan.png  used on input line 482.
(pdftex.def)             Requested size: 192.0548pt x 426.76425pt.
 [29 <./Hinhve/tai_khoan.png>]
Underfull \hbox (badness 10000) in paragraph at lines 506--506
[]|\T5/ptm/m/n/13 PhĄn vňng t÷ěng
 []


Underfull \hbox (badness 1107) in paragraph at lines 525--525
[]|\T5/ptm/m/n/13 K˝ch ho¤t th nh cćng;
 []


Underfull \hbox (badness 1990) in paragraph at lines 528--528
\T5/ptm/m/n/13 thćng bˇo thi¸t bŕ ^^_˘
 []


Underfull \hbox (badness 5954) in paragraph at lines 530--530
[]|\T5/ptm/m/n/13 Y¶u c¦u bŕ tř chči;
 []


Overfull \hbox (7.3247pt too wide) in paragraph at lines 522--532
 [][] 
 []


Underfull \vbox (badness 5147) has occurred while \output is active []

 [30]
Underfull \hbox (badness 10000) in paragraph at lines 547--547
[]|\T5/ptm/b/n/13 ^^^ˇnh
 []


Underfull \hbox (badness 10000) in paragraph at lines 548--548
[]|\T5/ptm/m/n/13 ALT-
 []


Underfull \hbox (badness 10000) in paragraph at lines 549--549
[]|\T5/ptm/m/n/13 ALT-
 []


Underfull \hbox (badness 10000) in paragraph at lines 550--550
[]|\T5/ptm/m/n/13 ALT-
 []


Underfull \hbox (badness 3965) in paragraph at lines 550--550
[]|\T5/ptm/m/n/13 T«ng bë ^^_¸m b§t
 []


Underfull \hbox (badness 10000) in paragraph at lines 551--551
[]|\T5/ptm/m/n/13 ALT-
 []


Underfull \hbox (badness 10000) in paragraph at lines 552--552
[]|\T5/ptm/m/n/13 ALT-
 []


Underfull \hbox (badness 10000) in paragraph at lines 553--553
[]|\T5/ptm/m/n/13 ALT-
 []


Underfull \hbox (badness 1221) in paragraph at lines 553--553
\T5/ptm/m/n/13 thˇi nguy hişm v 
 []


Underfull \hbox (badness 10000) in paragraph at lines 554--554
[]|\T5/ptm/m/n/13 ALT-
 []


Underfull \hbox (badness 10000) in paragraph at lines 555--555
[]|\T5/ptm/m/n/13 ALT-
 []


Underfull \hbox (badness 10000) in paragraph at lines 556--556
[]|\T5/ptm/m/n/13 ALT-
 []


Underfull \hbox (badness 10000) in paragraph at lines 557--557
[]|\T5/ptm/m/n/13 ALT-
 []


Underfull \hbox (badness 1496) in paragraph at lines 557--557
\T5/ptm/m/n/13 tčc ^^_ë, khoŁng cˇch bĽnh
 []


Underfull \hbox (badness 3492) in paragraph at lines 557--557
\T5/ptm/m/n/13 chuyşn sang tr¤ng
 []


Underfull \hbox (badness 1997) in paragraph at lines 557--557
\T5/ptm/m/n/13 ng÷ďng 3 l¦n li¶n
 []


Overfull \hbox (19.7182pt too wide) in paragraph at lines 545--559
 [][] 
 []


Underfull \vbox (badness 10000) has occurred while \output is active []

 [31]
Underfull \vbox (badness 10000) has occurred while \output is active []

 [32]
Underfull \hbox (badness 10000) in paragraph at lines 574--574
[]|\T5/ptm/b/n/13 ^^^ˇnh
 []


Underfull \hbox (badness 10000) in paragraph at lines 575--575
[]|\T5/ptm/m/n/13 BUZ-
 []


Underfull \hbox (badness 10000) in paragraph at lines 576--576
[]|\T5/ptm/m/n/13 BUZ-
 []


Underfull \hbox (badness 10000) in paragraph at lines 577--577
[]|\T5/ptm/m/n/13 BUZ-
 []


Underfull \hbox (badness 10000) in paragraph at lines 578--578
[]|\T5/ptm/m/n/13 BUZ-
 []


Underfull \hbox (badness 10000) in paragraph at lines 579--579
[]|\T5/ptm/m/n/13 BUZ-
 []


Underfull \hbox (badness 10000) in paragraph at lines 580--580
[]|\T5/ptm/m/n/13 BUZ-
 []


Underfull \hbox (badness 10000) in paragraph at lines 581--581
[]|\T5/ptm/m/n/13 BUZ-
 []


Overfull \hbox (15.86237pt too wide) in paragraph at lines 572--583
 [][] 
 []


Underfull \vbox (badness 10000) has occurred while \output is active []

 [33]
Overfull \hbox (27.95966pt too wide) in paragraph at lines 609--610
[]\T5/ptm/m/n/13 Cˇc file kişm thű ch˝nh dü ki¸n ^^_÷ńc xĄy düng gçm \T5/pcr/m/n/13 de-vice.service.spec.ts\T5/ptm/m/n/13 ,
 []


Overfull \hbox (13.57074pt too wide) in paragraph at lines 609--610
\T5/pcr/m/n/13 sensor-data.service.spec.ts \T5/ptm/m/n/13 v  \T5/pcr/m/n/13 mqtt.controller.spec.ts\T5/ptm/m/n/13 . Trong
 []


Overfull \hbox (30.95172pt too wide) in paragraph at lines 609--610
\T5/ptm/m/n/13 logic xű lţ dú li»u cŁm bi¸n v  phˇt hi»n cŁnh bˇo; cán \T5/pcr/m/n/13 mqtt.controller.spec.ts
 []

[34]
Underfull \vbox (badness 10000) has occurred while \output is active []

 [35]
Underfull \vbox (badness 10000) has occurred while \output is active []

 [36] [37] (d:\Project 3\Report\Chuong\4_Ket_qua_thuc_nghiem.aux)
 ***********
LaTeX2e <2026-06-01>
L3 programming layer <2026-05-26>
 ***********


LaTeX Font Warning: Size substitutions with differences
(Font)              up to 1.0pt have occurred.

Package rerunfilecheck Info: File `4_Ket_qua_thuc_nghiem.out' has not changed.
(rerunfilecheck)             Checksum: 819D78A059B98B488CCF97E40EDE9491;4599.
Package logreq Info: Writing requests to '4_Ket_qua_thuc_nghiem.run.xml'.
\openout1 = `4_Ket_qua_thuc_nghiem.run.xml'.

 ) 
Here is how much of TeX's memory you used:
 33041 strings out of 467509
 618641 string characters out of 5418889
 1548673 words of memory out of 5000000
 61715 multiletter control sequences out of 15000+600000
 652492 words of font info for 83 fonts, out of 8000000 for 9000
 1141 hyphenation exceptions out of 8191
 128i,11n,124p,2592b,856s stack positions out of 10000i,1000n,20000p,200000b,200000s
<C:/Program Files/MiKTeX/fonts/type1/public/amsfonts/cm/cmmi12.pfb><C:/Program Files/MiKTeX/fonts/type1/public/amsfonts/cm/cmr12.pfb><C:/Program Files/MiKTeX/fonts/type1/public/amsfonts/cm/cmsy10.pfb><C:/Program Files/MiKTeX/fonts/type1/vntex/urwvn/ucrr8v.pfb><C:/Program Files/MiKTeX/fonts/type1/vntex/urwvn/utmb8v.pfb><C:/Program Files/MiKTeX/fonts/type1/vntex/urwvn/utmr8v.pfb><C:/Program Files/MiKTeX/fonts/type1/vntex/urwvn/utmri8v.pfb>
Output written on "d:\Project 3\Report\Chuong\4_Ket_qua_thuc_nghiem.pdf" (37 pages, 2029852 bytes).
PDF statistics:
 456 PDF objects out of 1000 (max. 8388607)
 111 named destinations out of 1000 (max. 500000)
 288 words of extra memory for PDF output out of 10000 (max. 10000000)

